This file contains any messages produced by compilers while
running configure, to aid debugging if configure makes a mistake.

It was created by mklibs configure 0.1.35, which was
generated by GNU Autoconf 2.68.  Invocation command line was

  $ ./configure CC=gcc CFLAGS=-O2 -I/home/slobodan/openwrt-rtk/rtk_openwrt_src/staging_dir/host/include -I/home/slobodan/openwrt-rtk/rtk_openwrt_src/tools/mklibs/include CPPFLAGS=-I/home/slobodan/openwrt-rtk/rtk_openwrt_src/staging_dir/host/include LDFLAGS=-L/home/slobodan/openwrt-rtk/rtk_openwrt_src/staging_dir/host/lib  SHELL=/bin/bash --target=x86_64-linux-gnu --host=x86_64-linux-gnu --build=x86_64-linux-gnu --program-prefix= --program-suffix= --prefix=/home/slobodan/openwrt-rtk/rtk_openwrt_src/staging_dir/host --exec-prefix=/home/slobodan/openwrt-rtk/rtk_openwrt_src/staging_dir/host --sysconfdir=/home/slobodan/openwrt-rtk/rtk_openwrt_src/staging_dir/host/etc --localstatedir=/home/slobodan/openwrt-rtk/rtk_openwrt_src/staging_dir/host/var --sbindir=/home/slobodan/openwrt-rtk/rtk_openwrt_src/staging_dir/host/bin

## --------- ##
## Platform. ##
## --------- ##

hostname = debian
uname -m = x86_64
uname -r = 3.16.0-6-amd64
uname -s = Linux
uname -v = #1 SMP Debian 3.16.56-1+deb8u1 (2018-05-08)

/usr/bin/uname -p = unknown
/bin/uname -X     = unknown

/bin/arch              = unknown
/usr/bin/arch -k       = unknown
/usr/convex/getsysinfo = unknown
/usr/bin/hostinfo      = unknown
/bin/machine           = unknown
/usr/bin/oslevel       = unknown
/bin/universe          = unknown

PATH: /home/slobodan/openwrt-rtk/rtk_openwrt_src/staging_dir/toolchain-mips-rlx4181-linux/bin
PATH: /home/slobodan/openwrt-rtk/rtk_openwrt_src/staging_dir/rsdk-4.6.4-4181-EB-3.10-0.9.33-m32u-20141001//bin
PATH: /home/slobodan/openwrt-rtk/rtk_openwrt_src/staging_dir/host/bin
PATH: /home/slobodan/openwrt-rtk/rtk_openwrt_src/staging_dir/toolchain-mips-rlx4181-linux/bin
PATH: /home/slobodan/openwrt-rtk/rtk_openwrt_src/staging_dir/rsdk-4.6.4-4181-EB-3.10-0.9.33-m32u-20141001//bin
PATH: /home/slobodan/openwrt-rtk/rtk_openwrt_src/staging_dir/host/bin
PATH: /home/slobodan/openwrt-rtk/rtk_openwrt_src/staging_dir/toolchain-mips-rlx4181-linux/bin
PATH: /home/slobodan/openwrt-rtk/rtk_openwrt_src/staging_dir/rsdk-4.6.4-4181-EB-3.10-0.9.33-m32u-20141001//bin
PATH: /home/slobodan/openwrt-rtk/rtk_openwrt_src/staging_dir/host/bin
PATH: /usr/local/bin
PATH: /usr/bin
PATH: /bin
PATH: /usr/local/games
PATH: /usr/games


## ----------- ##
## Core tests. ##
## ----------- ##

configure:1825: checking for a BSD-compatible install
configure:1893: result: /usr/bin/install -c
configure:1904: checking whether build environment is sane
configure:1954: result: yes
configure:2095: checking for a thread-safe mkdir -p
configure:2134: result: /bin/mkdir -p
configure:2147: checking for gawk
configure:2163: found /usr/bin/gawk
configure:2174: result: gawk
configure:2185: checking whether make sets $(MAKE)
configure:2207: result: yes
configure:2281: checking whether to enable maintainer-specific portions of Makefiles
configure:2290: result: no
configure:2308: checking build system type
configure:2322: result: x86_64-pc-linux-gnu
configure:2342: checking host system type
configure:2355: result: x86_64-pc-linux-gnu
configure:2375: checking target system type
configure:2388: result: x86_64-pc-linux-gnu
configure:2429: checking for x86_64-linux-gnu-g++
configure:2445: found /usr/bin/x86_64-linux-gnu-g++
configure:2456: result: x86_64-linux-gnu-g++
configure:2527: checking for C++ compiler version
configure:2536: x86_64-linux-gnu-g++ --version >&5
x86_64-linux-gnu-g++ (Debian 4.9.2-10+deb8u2) 4.9.2
Copyright (C) 2014 Free Software Foundation, Inc.
This is free software; see the source for copying conditions.  There is NO
warranty; not even for MERCHANTABILITY or FITNESS FOR A PARTICULAR PURPOSE.

configure:2547: $? = 0
configure:2536: x86_64-linux-gnu-g++ -v >&5
Using built-in specs.
COLLECT_GCC=x86_64-linux-gnu-g++
COLLECT_LTO_WRAPPER=/usr/lib/gcc/x86_64-linux-gnu/4.9/lto-wrapper
Target: x86_64-linux-gnu
Configured with: ../src/configure -v --with-pkgversion='Debian 4.9.2-10+deb8u2' --with-bugurl=file:///usr/share/doc/gcc-4.9/README.Bugs --enable-languages=c,c++,java,go,d,fortran,objc,obj-c++ --prefix=/usr --program-suffix=-4.9 --enable-shared --enable-linker-build-id --libexecdir=/usr/lib --without-included-gettext --enable-threads=posix --with-gxx-include-dir=/usr/include/c++/4.9 --libdir=/usr/lib --enable-nls --with-sysroot=/ --enable-clocale=gnu --enable-libstdcxx-debug --enable-libstdcxx-time=yes --enable-gnu-unique-object --disable-vtable-verify --enable-plugin --with-system-zlib --disable-browser-plugin --enable-java-awt=gtk --enable-gtk-cairo --with-java-home=/usr/lib/jvm/java-1.5.0-gcj-4.9-amd64/jre --enable-java-home --with-jvm-root-dir=/usr/lib/jvm/java-1.5.0-gcj-4.9-amd64 --with-jvm-jar-dir=/usr/lib/jvm-exports/java-1.5.0-gcj-4.9-amd64 --with-arch-directory=amd64 --with-ecj-jar=/usr/share/java/eclipse-ecj.jar --enable-objc-gc --enable-multiarch --with-arch-32=i586 --with-abi=m64 --with-multilib-list=m32,m64,mx32 --enable-multilib --with-tune=generic --enable-checking=release --build=x86_64-linux-gnu --host=x86_64-linux-gnu --target=x86_64-linux-gnu
Thread model: posix
gcc version 4.9.2 (Debian 4.9.2-10+deb8u2) 
configure:2547: $? = 0
configure:2536: x86_64-linux-gnu-g++ -V >&5
x86_64-linux-gnu-g++: error: unrecognized command line option '-V'
x86_64-linux-gnu-g++: fatal error: no input files
compilation terminated.
configure:2547: $? = 4
configure:2536: x86_64-linux-gnu-g++ -qversion >&5
x86_64-linux-gnu-g++: error: unrecognized command line option '-qversion'
x86_64-linux-gnu-g++: fatal error: no input files
compilation terminated.
configure:2547: $? = 4
configure:2567: checking whether the C++ compiler works
configure:2589: x86_64-linux-gnu-g++  -I/home/slobodan/openwrt-rtk/rtk_openwrt_src/staging_dir/host/include -L/home/slobodan/openwrt-rtk/rtk_openwrt_src/staging_dir/host/lib  conftest.cpp  >&5
configure:2593: $? = 0
configure:2641: result: yes
configure:2644: checking for C++ compiler default output file name
configure:2646: result: a.out
configure:2652: checking for suffix of executables
configure:2659: x86_64-linux-gnu-g++ -o conftest  -I/home/slobodan/openwrt-rtk/rtk_openwrt_src/staging_dir/host/include -L/home/slobodan/openwrt-rtk/rtk_openwrt_src/staging_dir/host/lib  conftest.cpp  >&5
configure:2663: $? = 0
configure:2685: result: 
configure:2707: checking whether we are cross compiling
configure:2715: x86_64-linux-gnu-g++ -o conftest  -I/home/slobodan/openwrt-rtk/rtk_openwrt_src/staging_dir/host/include -L/home/slobodan/openwrt-rtk/rtk_openwrt_src/staging_dir/host/lib  conftest.cpp  >&5
configure:2719: $? = 0
configure:2726: ./conftest
configure:2730: $? = 0
configure:2745: result: no
configure:2750: checking for suffix of object files
configure:2772: x86_64-linux-gnu-g++ -c  -I/home/slobodan/openwrt-rtk/rtk_openwrt_src/staging_dir/host/include conftest.cpp >&5
configure:2776: $? = 0
configure:2797: result: o
configure:2801: checking whether we are using the GNU C++ compiler
configure:2820: x86_64-linux-gnu-g++ -c  -I/home/slobodan/openwrt-rtk/rtk_openwrt_src/staging_dir/host/include conftest.cpp >&5
configure:2820: $? = 0
configure:2829: result: yes
configure:2838: checking whether x86_64-linux-gnu-g++ accepts -g
configure:2858: x86_64-linux-gnu-g++ -c -g -I/home/slobodan/openwrt-rtk/rtk_openwrt_src/staging_dir/host/include conftest.cpp >&5
configure:2858: $? = 0
configure:2899: result: yes
configure:2933: checking for style of include used by make
configure:2961: result: GNU
configure:2987: checking dependency style of x86_64-linux-gnu-g++
configure:3098: result: gcc3
configure:3251: creating ./config.status

## ---------------------- ##
## Running config.status. ##
## ---------------------- ##

This file was extended by mklibs config.status 0.1.35, which was
generated by GNU Autoconf 2.68.  Invocation command line was

  CONFIG_FILES    = 
  CONFIG_HEADERS  = 
  CONFIG_LINKS    = 
  CONFIG_COMMANDS = 
  $ ./config.status 

on debian

config.status:865: creating Makefile
config.status:865: creating lib/Makefile
config.status:865: creating lib/mklibs/Makefile
config.status:865: creating lib/mklibs/utils/Makefile
config.status:865: creating src/Makefile
config.status:865: creating src/mklibs-readelf/Makefile
config.status:865: creating config.h
config.status:1094: executing depfiles commands

## ---------------- ##
## Cache variables. ##
## ---------------- ##

ac_cv_build=x86_64-pc-linux-gnu
ac_cv_cxx_compiler_gnu=yes
ac_cv_env_CCC_set=
ac_cv_env_CCC_value=
ac_cv_env_CPPFLAGS_set=set
ac_cv_env_CPPFLAGS_value=-I/home/slobodan/openwrt-rtk/rtk_openwrt_src/staging_dir/host/include
ac_cv_env_CXXFLAGS_set=
ac_cv_env_CXXFLAGS_value=
ac_cv_env_CXX_set=
ac_cv_env_CXX_value=
ac_cv_env_LDFLAGS_set=set
ac_cv_env_LDFLAGS_value='-L/home/slobodan/openwrt-rtk/rtk_openwrt_src/staging_dir/host/lib '
ac_cv_env_LIBS_set=
ac_cv_env_LIBS_value=
ac_cv_env_build_alias_set=set
ac_cv_env_build_alias_value=x86_64-linux-gnu
ac_cv_env_host_alias_set=set
ac_cv_env_host_alias_value=x86_64-linux-gnu
ac_cv_env_target_alias_set=set
ac_cv_env_target_alias_value=x86_64-linux-gnu
ac_cv_host=x86_64-pc-linux-gnu
ac_cv_objext=o
ac_cv_path_install='/usr/bin/install -c'
ac_cv_path_mkdir=/bin/mkdir
ac_cv_prog_AWK=gawk
ac_cv_prog_CXX=x86_64-linux-gnu-g++
ac_cv_prog_cxx_g=yes
ac_cv_prog_make_make_set=yes
ac_cv_target=x86_64-pc-linux-gnu
am_cv_CXX_dependencies_compiler_type=gcc3

## ----------------- ##
## Output variables. ##
## ----------------- ##

ACLOCAL='${SHELL} /home/slobodan/openwrt-rtk/rtk_openwrt_src/build_dir/host/mklibs-0.1.35/missing --run aclocal-1.11'
AMDEPBACKSLASH='\'
AMDEP_FALSE='#'
AMDEP_TRUE=''
AMTAR='$${TAR-tar}'
AUTOCONF='${SHELL} /home/slobodan/openwrt-rtk/rtk_openwrt_src/build_dir/host/mklibs-0.1.35/missing --run autoconf'
AUTOHEADER='${SHELL} /home/slobodan/openwrt-rtk/rtk_openwrt_src/build_dir/host/mklibs-0.1.35/missing --run autoheader'
AUTOMAKE='${SHELL} /home/slobodan/openwrt-rtk/rtk_openwrt_src/build_dir/host/mklibs-0.1.35/missing --run automake-1.11'
AWK='gawk'
CPPFLAGS='-I/home/slobodan/openwrt-rtk/rtk_openwrt_src/staging_dir/host/include'
CXX='x86_64-linux-gnu-g++'
CXXDEPMODE='depmode=gcc3'
CXXFLAGS='-g -O2'
CYGPATH_W='echo'
DEFS='-DHAVE_CONFIG_H'
DEPDIR='.deps'
ECHO_C=''
ECHO_N='-n'
ECHO_T=''
EXEEXT=''
INSTALL_DATA='${INSTALL} -m 644'
INSTALL_PROGRAM='${INSTALL}'
INSTALL_SCRIPT='${INSTALL}'
INSTALL_STRIP_PROGRAM='$(install_sh) -c -s'
LDFLAGS='-L/home/slobodan/openwrt-rtk/rtk_openwrt_src/staging_dir/host/lib '
LIBOBJS=''
LIBS=''
LTLIBOBJS=''
MAINT='#'
MAINTAINER_MODE_FALSE=''
MAINTAINER_MODE_TRUE='#'
MAKEINFO='${SHELL} /home/slobodan/openwrt-rtk/rtk_openwrt_src/build_dir/host/mklibs-0.1.35/missing --run makeinfo'
MKDIR_P='/bin/mkdir -p'
OBJEXT='o'
PACKAGE='mklibs'
PACKAGE_BUGREPORT=''
PACKAGE_NAME='mklibs'
PACKAGE_STRING='mklibs 0.1.35'
PACKAGE_TARNAME='mklibs'
PACKAGE_URL=''
PACKAGE_VERSION='0.1.35'
PATH_SEPARATOR=':'
SET_MAKE=''
SHELL='/bin/bash'
STRIP=''
VERSION='0.1.35'
ac_ct_CXX=''
am__EXEEXT_FALSE=''
am__EXEEXT_TRUE='#'
am__fastdepCXX_FALSE='#'
am__fastdepCXX_TRUE=''
am__include='include'
am__isrc=''
am__leading_dot='.'
am__nodep='_no'
am__quote=''
am__tar='$${TAR-tar} chof - "$$tardir"'
am__untar='$${TAR-tar} xf -'
bindir='${exec_prefix}/bin'
build='x86_64-pc-linux-gnu'
build_alias='x86_64-linux-gnu'
build_cpu='x86_64'
build_os='linux-gnu'
build_vendor='pc'
datadir='${datarootdir}'
datarootdir='${prefix}/share'
docdir='${datarootdir}/doc/${PACKAGE_TARNAME}'
dvidir='${docdir}'
exec_prefix='/home/slobodan/openwrt-rtk/rtk_openwrt_src/staging_dir/host'
host='x86_64-pc-linux-gnu'
host_alias='x86_64-linux-gnu'
host_cpu='x86_64'
host_os='linux-gnu'
host_vendor='pc'
htmldir='${docdir}'
includedir='${prefix}/include'
infodir='${datarootdir}/info'
install_sh='${SHELL} /home/slobodan/openwrt-rtk/rtk_openwrt_src/build_dir/host/mklibs-0.1.35/install-sh'
libdir='${exec_prefix}/lib'
libexecdir='${exec_prefix}/libexec'
localedir='${datarootdir}/locale'
localstatedir='/home/slobodan/openwrt-rtk/rtk_openwrt_src/staging_dir/host/var'
mandir='${datarootdir}/man'
mkdir_p='/bin/mkdir -p'
oldincludedir='/usr/include'
pdfdir='${docdir}'
prefix='/home/slobodan/openwrt-rtk/rtk_openwrt_src/staging_dir/host'
program_transform_name='s&$$&&;s&^&&'
psdir='${docdir}'
sbindir='/home/slobodan/openwrt-rtk/rtk_openwrt_src/staging_dir/host/bin'
sharedstatedir='${prefix}/com'
sysconfdir='/home/slobodan/openwrt-rtk/rtk_openwrt_src/staging_dir/host/etc'
target='x86_64-pc-linux-gnu'
target_alias='x86_64-linux-gnu'
target_cpu='x86_64'
target_os='linux-gnu'
target_vendor='pc'

## ----------- ##
## confdefs.h. ##
## ----------- ##

/* confdefs.h */
#define PACKAGE_NAME "mklibs"
#define PACKAGE_TARNAME "mklibs"
#define PACKAGE_VERSION "0.1.35"
#define PACKAGE_STRING "mklibs 0.1.35"
#define PACKAGE_BUGREPORT ""
#define PACKAGE_URL ""

configure: exit 0
