--------------------
./configure --prefix=/usr --shared --uname=Linux
Sun Mar 15 19:31:58 CET 2020
=== ztest24594.c ===
extern int getchar();
int hello() {return getchar();}
===
rsdk-linux-gcc -c ztest24594.c
... using gcc

Checking for obsessive-compulsive compiler options...
=== ztest24594.c ===
int foo() { return 0; }
===
rsdk-linux-gcc -c -Os -pipe -fno-caller-saves -fpic ztest24594.c

Checking for shared library support...
=== ztest24594.c ===
extern int getchar();
int hello() {return getchar();}
===
rsdk-linux-gcc -w -c -Os -pipe -fno-caller-saves -fpic -fPIC ztest24594.c
rsdk-linux-gcc -shared -Wl,-soname,libz.so.1 -Os -pipe -fno-caller-saves -fpic -fPIC -o ztest24594.so ztest24594.o
Building shared library libz.so.1.2.8 with rsdk-linux-gcc.

=== ztest24594.c ===
#include <sys/types.h>
off64_t dummy = 0;
===
rsdk-linux-gcc -c -Os -pipe -fno-caller-saves -fpic -D_LARGEFILE64_SOURCE=1 ztest24594.c
Checking for off64_t... Yes.
Checking for fseeko... Yes.

=== ztest24594.c ===
#include <string.h>
#include <errno.h>
int main() { return strlen(strerror(errno)); }
===
rsdk-linux-gcc -Os -pipe -fno-caller-saves -fpic -D_LARGEFILE64_SOURCE=1 -o ztest24594 ztest24594.c
Checking for strerror... Yes.

=== ztest24594.c ===
#include <unistd.h>
int main() { return 0; }
===
rsdk-linux-gcc -c -Os -pipe -fno-caller-saves -fpic -D_LARGEFILE64_SOURCE=1 ztest24594.c
Checking for unistd.h... Yes.

=== ztest24594.c ===
#include <stdarg.h>
int main() { return 0; }
===
rsdk-linux-gcc -c -Os -pipe -fno-caller-saves -fpic -D_LARGEFILE64_SOURCE=1 ztest24594.c
Checking for stdarg.h... Yes.

=== ztest24594.c ===
#include <stdio.h>
#include <stdarg.h>
#include "zconf.h"
int main()
{
#ifndef STDC
  choke me
#endif
  return 0;
}
===
rsdk-linux-gcc -c -Os -pipe -fno-caller-saves -fpic -D_LARGEFILE64_SOURCE=1 ztest24594.c
Checking whether to use vs[n]printf() or s[n]printf()... using vs[n]printf().

=== ztest24594.c ===
#include <stdio.h>
#include <stdarg.h>
int mytest(const char *fmt, ...)
{
  char buf[20];
  va_list ap;
  va_start(ap, fmt);
  vsnprintf(buf, sizeof(buf), fmt, ap);
  va_end(ap);
  return 0;
}
int main()
{
  return (mytest("Hello%d\n", 1));
}
===
rsdk-linux-gcc -Os -pipe -fno-caller-saves -fpic -D_LARGEFILE64_SOURCE=1 -o ztest24594 ztest24594.c
Checking for vsnprintf() in stdio.h... Yes.

=== ztest24594.c ===
#include <stdio.h>
#include <stdarg.h>
int mytest(const char *fmt, ...)
{
  int n;
  char buf[20];
  va_list ap;
  va_start(ap, fmt);
  n = vsnprintf(buf, sizeof(buf), fmt, ap);
  va_end(ap);
  return n;
}
int main()
{
  return (mytest("Hello%d\n", 1));
}
===
rsdk-linux-gcc -c -Os -pipe -fno-caller-saves -fpic -D_LARGEFILE64_SOURCE=1 ztest24594.c
Checking for return value of vsnprintf()... Yes.

=== ztest24594.c ===
#define ZLIB_INTERNAL __attribute__((visibility ("hidden")))
int ZLIB_INTERNAL foo;
int main()
{
  return 0;
}
===
rsdk-linux-gcc -c -Os -pipe -fno-caller-saves -fpic -D_LARGEFILE64_SOURCE=1 ztest24594.c
Checking for attribute(visibility) support... Yes.

ALL = static shared all64
AR = rsdk-linux-ar
ARFLAGS = rc
CC = rsdk-linux-gcc
CFLAGS = -Os -pipe -fno-caller-saves -fpic -D_LARGEFILE64_SOURCE=1 -DHAVE_HIDDEN
CPP = rsdk-linux-gcc -E
EXE =
LDCONFIG = ldconfig
LDFLAGS =
LDSHARED = rsdk-linux-gcc -shared -Wl,-soname,libz.so.1
LDSHAREDLIBC = -lc
OBJC = $(OBJZ) $(OBJG)
PIC_OBJC = $(PIC_OBJZ) $(PIC_OBJG)
RANLIB = rsdk-linux-ranlib
SFLAGS = -Os -pipe -fno-caller-saves -fpic -fPIC -D_LARGEFILE64_SOURCE=1 -DHAVE_HIDDEN
SHAREDLIB = libz.so
SHAREDLIBM = libz.so.1
SHAREDLIBV = libz.so.1.2.8
STATICLIB = libz.a
TEST = all teststatic testshared test64
VER = 1.2.8
Z_U4 =
exec_prefix = ${prefix}
includedir = ${prefix}/include
libdir = ${exec_prefix}/lib
mandir = ${prefix}/share/man
prefix = /usr
sharedlibdir = ${libdir}
uname = Linux
--------------------


