This file contains any messages produced by compilers while
running configure, to aid debugging if configure makes a mistake.

It was created by nettle configure 2.7.1, which was
generated by GNU Autoconf 2.68.  Invocation command line was

  $ ./configure --target=mips-rlx4181-linux --host=mips-rlx4181-linux --build=x86_64-linux-gnu --program-prefix= --program-suffix= --prefix=/usr --exec-prefix=/usr --bindir=/usr/bin --sbindir=/usr/sbin --libexecdir=/usr/lib --sysconfdir=/etc --datadir=/usr/share --localstatedir=/var --mandir=/usr/man --infodir=/usr/info --disable-nls --disable-ipv6 --enable-shared --disable-openssl --disable-documentation --enable-static

## --------- ##
## Platform. ##
## --------- ##

hostname = debian
uname -m = x86_64
uname -r = 3.16.0-6-amd64
uname -s = Linux
uname -v = #1 SMP Debian 3.16.56-1+deb8u1 (2018-05-08)

/usr/bin/uname -p = unknown
/bin/uname -X     = unknown

/bin/arch              = unknown
/usr/bin/arch -k       = unknown
/usr/convex/getsysinfo = unknown
/usr/bin/hostinfo      = unknown
/bin/machine           = unknown
/usr/bin/oslevel       = unknown
/bin/universe          = unknown

PATH: /home/slobodan/OLDopenwrt-rtk/rtk_openwrt_src/staging_dir/target-mips-rlx4181-linux/host/bin
PATH: /home/slobodan/OLDopenwrt-rtk/rtk_openwrt_src/staging_dir/toolchain-mips-rlx4181-linux/bin
PATH: /home/slobodan/OLDopenwrt-rtk/rtk_openwrt_src/staging_dir/rsdk-4.6.4-4181-EB-3.10-0.9.33-m32u-20141001//bin
PATH: /home/slobodan/OLDopenwrt-rtk/rtk_openwrt_src/staging_dir/host/bin
PATH: /home/slobodan/OLDopenwrt-rtk/rtk_openwrt_src/staging_dir/toolchain-mips-rlx4181-linux/bin
PATH: /home/slobodan/OLDopenwrt-rtk/rtk_openwrt_src/staging_dir/rsdk-4.6.4-4181-EB-3.10-0.9.33-m32u-20141001//bin
PATH: /home/slobodan/OLDopenwrt-rtk/rtk_openwrt_src/staging_dir/host/bin
PATH: /home/slobodan/OLDopenwrt-rtk/rtk_openwrt_src/staging_dir/toolchain-mips-rlx4181-linux/bin
PATH: /home/slobodan/OLDopenwrt-rtk/rtk_openwrt_src/staging_dir/rsdk-4.6.4-4181-EB-3.10-0.9.33-m32u-20141001//bin
PATH: /home/slobodan/OLDopenwrt-rtk/rtk_openwrt_src/staging_dir/host/bin
PATH: /usr/local/bin
PATH: /usr/bin
PATH: /bin
PATH: /usr/local/games
PATH: /usr/games


## ----------- ##
## Core tests. ##
## ----------- ##

configure:2368: loading site script /home/slobodan/OLDopenwrt-rtk/rtk_openwrt_src/include/site/mips-rlx4181-linux
| #!/bin/sh
| 
| . $TOPDIR/include/site/mips-linux
| . $TOPDIR/include/site/linux-uclibc
| 
configure:2513: checking build system type
configure:2527: result: x86_64-pc-linux-gnu
configure:2547: checking host system type
configure:2560: result: mips-rlx4181-linux-gnu
configure:2694: checking for -R flag
configure:2716: result: using -Wl,-rpath,
configure:2723: result: Searching for libraries
configure:2730: checking /usr
configure:2748: result: added
configure:2730: checking /usr/local/lib
configure:2748: result: added
configure:2730: checking /sw/local/lib
configure:2757: result: not found
configure:2730: checking /sw/lib
configure:2757: result: not found
configure:2730: checking /usr/gnu/lib
configure:2757: result: not found
configure:2730: checking /opt/gnu/lib
configure:2757: result: not found
configure:2730: checking /sw/gnu/lib
configure:2757: result: not found
configure:2730: checking /usr/freeware/lib
configure:2757: result: not found
configure:2730: checking /usr/pkg/lib
configure:2757: result: not found
configure:2773: checking for mips-rlx4181-linux-gcc
configure:2800: result: rsdk-linux-gcc
configure:3069: checking for C compiler version
configure:3078: rsdk-linux-gcc --version >&5
mips-linux-xgcc (Realtek RSDK-4.6.4 Build 424) 4.6.4
Copyright (C) 2011 Free Software Foundation, Inc.
This is free software; see the source for copying conditions.  There is NO
warranty; not even for MERCHANTABILITY or FITNESS FOR A PARTICULAR PURPOSE.

configure:3089: $? = 0
configure:3078: rsdk-linux-gcc -v >&5
Reading specs from /home/slobodan/OLDopenwrt-rtk/rtk_openwrt_src/staging_dir/rsdk-4.6.4-4181-EB-3.10-0.9.33-m32u-20141001/bin/../lib/gcc/mips-linux-uclibc/4.6.4/specs
COLLECT_GCC=/home/slobodan/OLDopenwrt-rtk/rtk_openwrt_src/staging_dir/rsdk-4.6.4-4181-EB-3.10-0.9.33-m32u-20141001/bin/mips-linux-xgcc
COLLECT_LTO_WRAPPER=/home/slobodan/OLDopenwrt-rtk/rtk_openwrt_src/staging_dir/rsdk-4.6.4-4181-EB-3.10-0.9.33-m32u-20141001/bin/../libexec/gcc/mips-linux-uclibc/4.6.4/lto-wrapper
Target: mips-linux-uclibc
Configured with: Realtek SDK Builder release 4.6
Thread model: posix
gcc version 4.6.4 (Realtek RSDK-4.6.4 Build 424) 
configure:3089: $? = 0
configure:3078: rsdk-linux-gcc -V >&5
mips-linux-xgcc: fatal error: no input files
compilation terminated.
configure:3089: $? = 1
configure:3078: rsdk-linux-gcc -qversion >&5
mips-linux-xgcc: fatal error: no input files
compilation terminated.
configure:3089: $? = 1
configure:3109: checking whether the C compiler works
configure:3131: rsdk-linux-gcc -Os -pipe -fno-caller-saves -fpic  -I/home/slobodan/OLDopenwrt-rtk/rtk_openwrt_src/staging_dir/target-mips-rlx4181-linux/usr/include -I/home/slobodan/OLDopenwrt-rtk/rtk_openwrt_src/staging_dir/target-mips-rlx4181-linux/include -I/home/slobodan/OLDopenwrt-rtk/rtk_openwrt_src/staging_dir/rsdk-4.6.4-4181-EB-3.10-0.9.33-m32u-20141001//include  -L/home/slobodan/OLDopenwrt-rtk/rtk_openwrt_src/staging_dir/target-mips-rlx4181-linux/usr/lib -L/home/slobodan/OLDopenwrt-rtk/rtk_openwrt_src/staging_dir/target-mips-rlx4181-linux/lib -L/home/slobodan/OLDopenwrt-rtk/rtk_openwrt_src/staging_dir/rsdk-4.6.4-4181-EB-3.10-0.9.33-m32u-20141001//lib  conftest.c  >&5
configure:3135: $? = 0
configure:3183: result: yes
configure:3186: checking for C compiler default output file name
configure:3188: result: a.out
configure:3194: checking for suffix of executables
configure:3201: rsdk-linux-gcc -o conftest -Os -pipe -fno-caller-saves -fpic  -I/home/slobodan/OLDopenwrt-rtk/rtk_openwrt_src/staging_dir/target-mips-rlx4181-linux/usr/include -I/home/slobodan/OLDopenwrt-rtk/rtk_openwrt_src/staging_dir/target-mips-rlx4181-linux/include -I/home/slobodan/OLDopenwrt-rtk/rtk_openwrt_src/staging_dir/rsdk-4.6.4-4181-EB-3.10-0.9.33-m32u-20141001//include  -L/home/slobodan/OLDopenwrt-rtk/rtk_openwrt_src/staging_dir/target-mips-rlx4181-linux/usr/lib -L/home/slobodan/OLDopenwrt-rtk/rtk_openwrt_src/staging_dir/target-mips-rlx4181-linux/lib -L/home/slobodan/OLDopenwrt-rtk/rtk_openwrt_src/staging_dir/rsdk-4.6.4-4181-EB-3.10-0.9.33-m32u-20141001//lib  conftest.c  >&5
configure:3205: $? = 0
configure:3227: result: 
configure:3249: checking whether we are cross compiling
configure:3287: result: yes
configure:3292: checking for suffix of object files
configure:3314: rsdk-linux-gcc -c -Os -pipe -fno-caller-saves -fpic  -I/home/slobodan/OLDopenwrt-rtk/rtk_openwrt_src/staging_dir/target-mips-rlx4181-linux/usr/include -I/home/slobodan/OLDopenwrt-rtk/rtk_openwrt_src/staging_dir/target-mips-rlx4181-linux/include -I/home/slobodan/OLDopenwrt-rtk/rtk_openwrt_src/staging_dir/rsdk-4.6.4-4181-EB-3.10-0.9.33-m32u-20141001//include  conftest.c >&5
configure:3318: $? = 0
configure:3339: result: o
configure:3343: checking whether we are using the GNU C compiler
configure:3362: rsdk-linux-gcc -c -Os -pipe -fno-caller-saves -fpic  -I/home/slobodan/OLDopenwrt-rtk/rtk_openwrt_src/staging_dir/target-mips-rlx4181-linux/usr/include -I/home/slobodan/OLDopenwrt-rtk/rtk_openwrt_src/staging_dir/target-mips-rlx4181-linux/include -I/home/slobodan/OLDopenwrt-rtk/rtk_openwrt_src/staging_dir/rsdk-4.6.4-4181-EB-3.10-0.9.33-m32u-20141001//include  conftest.c >&5
configure:3362: $? = 0
configure:3371: result: yes
configure:3380: checking whether rsdk-linux-gcc accepts -g
configure:3400: rsdk-linux-gcc -c -g -I/home/slobodan/OLDopenwrt-rtk/rtk_openwrt_src/staging_dir/target-mips-rlx4181-linux/usr/include -I/home/slobodan/OLDopenwrt-rtk/rtk_openwrt_src/staging_dir/target-mips-rlx4181-linux/include -I/home/slobodan/OLDopenwrt-rtk/rtk_openwrt_src/staging_dir/rsdk-4.6.4-4181-EB-3.10-0.9.33-m32u-20141001//include  conftest.c >&5
configure:3400: $? = 0
configure:3441: result: yes
configure:3458: checking for rsdk-linux-gcc option to accept ISO C89
configure:3522: rsdk-linux-gcc  -c -Os -pipe -fno-caller-saves -fpic  -I/home/slobodan/OLDopenwrt-rtk/rtk_openwrt_src/staging_dir/target-mips-rlx4181-linux/usr/include -I/home/slobodan/OLDopenwrt-rtk/rtk_openwrt_src/staging_dir/target-mips-rlx4181-linux/include -I/home/slobodan/OLDopenwrt-rtk/rtk_openwrt_src/staging_dir/rsdk-4.6.4-4181-EB-3.10-0.9.33-m32u-20141001//include  conftest.c >&5
configure:3522: $? = 0
configure:3535: result: none needed
configure:3685: checking for C++ compiler version
configure:3694: rsdk-linux-g++ --version >&5
mips-linux-xg++ (Realtek RSDK-4.6.4 Build 424) 4.6.4
Copyright (C) 2011 Free Software Foundation, Inc.
This is free software; see the source for copying conditions.  There is NO
warranty; not even for MERCHANTABILITY or FITNESS FOR A PARTICULAR PURPOSE.

configure:3705: $? = 0
configure:3694: rsdk-linux-g++ -v >&5
Reading specs from /home/slobodan/OLDopenwrt-rtk/rtk_openwrt_src/staging_dir/rsdk-4.6.4-4181-EB-3.10-0.9.33-m32u-20141001/bin/../lib/gcc/mips-linux-uclibc/4.6.4/specs
COLLECT_GCC=/home/slobodan/OLDopenwrt-rtk/rtk_openwrt_src/staging_dir/rsdk-4.6.4-4181-EB-3.10-0.9.33-m32u-20141001/bin/mips-linux-xg++
COLLECT_LTO_WRAPPER=/home/slobodan/OLDopenwrt-rtk/rtk_openwrt_src/staging_dir/rsdk-4.6.4-4181-EB-3.10-0.9.33-m32u-20141001/bin/../libexec/gcc/mips-linux-uclibc/4.6.4/lto-wrapper
Target: mips-linux-uclibc
Configured with: Realtek SDK Builder release 4.6
Thread model: posix
gcc version 4.6.4 (Realtek RSDK-4.6.4 Build 424) 
configure:3705: $? = 0
configure:3694: rsdk-linux-g++ -V >&5
mips-linux-xg++: fatal error: no input files
compilation terminated.
configure:3705: $? = 1
configure:3694: rsdk-linux-g++ -qversion >&5
mips-linux-xg++: fatal error: no input files
compilation terminated.
configure:3705: $? = 1
configure:3709: checking whether we are using the GNU C++ compiler
configure:3728: rsdk-linux-g++ -c -Os -pipe -fno-caller-saves -fpic  -I/home/slobodan/OLDopenwrt-rtk/rtk_openwrt_src/staging_dir/target-mips-rlx4181-linux/usr/include -I/home/slobodan/OLDopenwrt-rtk/rtk_openwrt_src/staging_dir/target-mips-rlx4181-linux/include -I/home/slobodan/OLDopenwrt-rtk/rtk_openwrt_src/staging_dir/rsdk-4.6.4-4181-EB-3.10-0.9.33-m32u-20141001//include  conftest.cpp >&5
configure:3728: $? = 0
configure:3737: result: yes
configure:3746: checking whether rsdk-linux-g++ accepts -g
configure:3766: rsdk-linux-g++ -c -g -I/home/slobodan/OLDopenwrt-rtk/rtk_openwrt_src/staging_dir/target-mips-rlx4181-linux/usr/include -I/home/slobodan/OLDopenwrt-rtk/rtk_openwrt_src/staging_dir/target-mips-rlx4181-linux/include -I/home/slobodan/OLDopenwrt-rtk/rtk_openwrt_src/staging_dir/rsdk-4.6.4-4181-EB-3.10-0.9.33-m32u-20141001//include  conftest.cpp >&5
configure:3766: $? = 0
configure:3807: result: yes
configure:3849: rsdk-linux-g++ -c -Os -pipe -fno-caller-saves -fpic  -I/home/slobodan/OLDopenwrt-rtk/rtk_openwrt_src/staging_dir/target-mips-rlx4181-linux/usr/include -I/home/slobodan/OLDopenwrt-rtk/rtk_openwrt_src/staging_dir/target-mips-rlx4181-linux/include -I/home/slobodan/OLDopenwrt-rtk/rtk_openwrt_src/staging_dir/rsdk-4.6.4-4181-EB-3.10-0.9.33-m32u-20141001//include  conftest.cpp >&5
configure:3849: $? = 0
configure:3863: checking whether make sets $(MAKE)
configure:3885: result: yes
configure:3897: checking for mips-rlx4181-linux-ranlib
configure:3924: result: rsdk-linux-ranlib
configure:3989: checking for mips-rlx4181-linux-nm
configure:4016: result: rsdk-linux-nm
configure:4082: checking for mips-rlx4181-linux-objdump
configure:4109: result: rsdk-linux-objdump
configure:4174: checking for mips-rlx4181-linux-ar
configure:4201: result: rsdk-linux-ar
configure:4282: checking for a BSD-compatible install
configure:4350: result: /usr/bin/install -c
configure:4364: checking for a thread-safe mkdir -p
configure:4403: result: /bin/mkdir -p
configure:4407: checking whether ln -s works
configure:4411: result: yes
configure:4489: checking build system compiler cc
configure:4502: cc conftest.c
conftest.c: In function 'main':
conftest.c:4:3: warning: incompatible implicit declaration of built-in function 'exit'
   exit(0);
   ^
configure:4505: $? = 0
configure:4512: result: yes
configure:4531: checking for build system executable suffix
configure:4548: cc conftest.c -o conftest.exe
conftest.c: In function 'main':
conftest.c:4:3: warning: incompatible implicit declaration of built-in function 'exit'
   exit (0);
   ^
configure:4551: $? = 0
./configure: line 4553: ./conftest: No such file or directory
configure:4548: cc conftest.c -o conftest,ff8
conftest.c: In function 'main':
conftest.c:4:3: warning: incompatible implicit declaration of built-in function 'exit'
   exit (0);
   ^
configure:4551: $? = 0
./configure: line 4553: ./conftest: No such file or directory
configure:4548: cc conftest.c -o conftest
conftest.c: In function 'main':
conftest.c:4:3: warning: incompatible implicit declaration of built-in function 'exit'
   exit (0);
   ^
configure:4551: $? = 0
configure:4566: result: 
configure:4893: checking CCPIC
configure:4937: rsdk-linux-gcc -c -Os -pipe -fno-caller-saves -fpic  -fpic -I/home/slobodan/OLDopenwrt-rtk/rtk_openwrt_src/staging_dir/target-mips-rlx4181-linux/usr/include -I/home/slobodan/OLDopenwrt-rtk/rtk_openwrt_src/staging_dir/target-mips-rlx4181-linux/include -I/home/slobodan/OLDopenwrt-rtk/rtk_openwrt_src/staging_dir/rsdk-4.6.4-4181-EB-3.10-0.9.33-m32u-20141001//include  conftest.c >&5
conftest.c: In function 'main':
conftest.c:13:1: warning: incompatible implicit declaration of built-in function 'exit' [enabled by default]
configure:4937: $? = 0
configure:4948: result: -fpic
configure:5280: checking for m4
configure:5311: result: /home/slobodan/OLDopenwrt-rtk/rtk_openwrt_src/staging_dir/host/bin/m4
configure:5325: checking for an ANSI C-conforming const
configure:5390: rsdk-linux-gcc -c -Os -pipe -fno-caller-saves -fpic  -I/home/slobodan/OLDopenwrt-rtk/rtk_openwrt_src/staging_dir/target-mips-rlx4181-linux/usr/include -I/home/slobodan/OLDopenwrt-rtk/rtk_openwrt_src/staging_dir/target-mips-rlx4181-linux/include -I/home/slobodan/OLDopenwrt-rtk/rtk_openwrt_src/staging_dir/rsdk-4.6.4-4181-EB-3.10-0.9.33-m32u-20141001//include  conftest.c >&5
configure:5390: $? = 0
configure:5397: result: yes
configure:5405: checking for inline
configure:5421: rsdk-linux-gcc -c -Os -pipe -fno-caller-saves -fpic  -I/home/slobodan/OLDopenwrt-rtk/rtk_openwrt_src/staging_dir/target-mips-rlx4181-linux/usr/include -I/home/slobodan/OLDopenwrt-rtk/rtk_openwrt_src/staging_dir/target-mips-rlx4181-linux/include -I/home/slobodan/OLDopenwrt-rtk/rtk_openwrt_src/staging_dir/rsdk-4.6.4-4181-EB-3.10-0.9.33-m32u-20141001//include  conftest.c >&5
configure:5421: $? = 0
configure:5429: result: inline
configure:5452: checking how to run the C preprocessor
configure:5483: rsdk-linux-gcc -E -I/home/slobodan/OLDopenwrt-rtk/rtk_openwrt_src/staging_dir/target-mips-rlx4181-linux/usr/include -I/home/slobodan/OLDopenwrt-rtk/rtk_openwrt_src/staging_dir/target-mips-rlx4181-linux/include -I/home/slobodan/OLDopenwrt-rtk/rtk_openwrt_src/staging_dir/rsdk-4.6.4-4181-EB-3.10-0.9.33-m32u-20141001//include  conftest.c
configure:5483: $? = 0
configure:5497: rsdk-linux-gcc -E -I/home/slobodan/OLDopenwrt-rtk/rtk_openwrt_src/staging_dir/target-mips-rlx4181-linux/usr/include -I/home/slobodan/OLDopenwrt-rtk/rtk_openwrt_src/staging_dir/target-mips-rlx4181-linux/include -I/home/slobodan/OLDopenwrt-rtk/rtk_openwrt_src/staging_dir/rsdk-4.6.4-4181-EB-3.10-0.9.33-m32u-20141001//include  conftest.c
conftest.c:9:28: fatal error: ac_nonexistent.h: No such file or directory
compilation terminated.
configure:5497: $? = 1
configure: failed program was:
| /* confdefs.h */
| #define PACKAGE_NAME "nettle"
| #define PACKAGE_TARNAME "nettle"
| #define PACKAGE_VERSION "2.7.1"
| #define PACKAGE_STRING "nettle 2.7.1"
| #define PACKAGE_BUGREPORT "nettle-bugs@lists.lysator.liu.se"
| #define PACKAGE_URL ""
| /* end confdefs.h.  */
| #include <ac_nonexistent.h>
configure:5522: result: rsdk-linux-gcc -E
configure:5542: rsdk-linux-gcc -E -I/home/slobodan/OLDopenwrt-rtk/rtk_openwrt_src/staging_dir/target-mips-rlx4181-linux/usr/include -I/home/slobodan/OLDopenwrt-rtk/rtk_openwrt_src/staging_dir/target-mips-rlx4181-linux/include -I/home/slobodan/OLDopenwrt-rtk/rtk_openwrt_src/staging_dir/rsdk-4.6.4-4181-EB-3.10-0.9.33-m32u-20141001//include  conftest.c
configure:5542: $? = 0
configure:5556: rsdk-linux-gcc -E -I/home/slobodan/OLDopenwrt-rtk/rtk_openwrt_src/staging_dir/target-mips-rlx4181-linux/usr/include -I/home/slobodan/OLDopenwrt-rtk/rtk_openwrt_src/staging_dir/target-mips-rlx4181-linux/include -I/home/slobodan/OLDopenwrt-rtk/rtk_openwrt_src/staging_dir/rsdk-4.6.4-4181-EB-3.10-0.9.33-m32u-20141001//include  conftest.c
conftest.c:9:28: fatal error: ac_nonexistent.h: No such file or directory
compilation terminated.
configure:5556: $? = 1
configure: failed program was:
| /* confdefs.h */
| #define PACKAGE_NAME "nettle"
| #define PACKAGE_TARNAME "nettle"
| #define PACKAGE_VERSION "2.7.1"
| #define PACKAGE_STRING "nettle 2.7.1"
| #define PACKAGE_BUGREPORT "nettle-bugs@lists.lysator.liu.se"
| #define PACKAGE_URL ""
| /* end confdefs.h.  */
| #include <ac_nonexistent.h>
configure:5585: checking for grep that handles long lines and -e
configure:5643: result: /home/slobodan/OLDopenwrt-rtk/rtk_openwrt_src/staging_dir/host/bin/grep
configure:5648: checking for egrep
configure:5710: result: /home/slobodan/OLDopenwrt-rtk/rtk_openwrt_src/staging_dir/host/bin/grep -E
configure:5715: checking for uid_t in sys/types.h
configure:5734: result: yes
configure:5745: checking for ANSI C header files
configure:5765: rsdk-linux-gcc -c -Os -pipe -fno-caller-saves -fpic  -I/home/slobodan/OLDopenwrt-rtk/rtk_openwrt_src/staging_dir/target-mips-rlx4181-linux/usr/include -I/home/slobodan/OLDopenwrt-rtk/rtk_openwrt_src/staging_dir/target-mips-rlx4181-linux/include -I/home/slobodan/OLDopenwrt-rtk/rtk_openwrt_src/staging_dir/rsdk-4.6.4-4181-EB-3.10-0.9.33-m32u-20141001//include  conftest.c >&5
configure:5765: $? = 0
configure:5849: result: yes
configure:5862: checking for sys/types.h
configure:5862: rsdk-linux-gcc -c -Os -pipe -fno-caller-saves -fpic  -I/home/slobodan/OLDopenwrt-rtk/rtk_openwrt_src/staging_dir/target-mips-rlx4181-linux/usr/include -I/home/slobodan/OLDopenwrt-rtk/rtk_openwrt_src/staging_dir/target-mips-rlx4181-linux/include -I/home/slobodan/OLDopenwrt-rtk/rtk_openwrt_src/staging_dir/rsdk-4.6.4-4181-EB-3.10-0.9.33-m32u-20141001//include  conftest.c >&5
configure:5862: $? = 0
configure:5862: result: yes
configure:5862: checking for sys/stat.h
configure:5862: rsdk-linux-gcc -c -Os -pipe -fno-caller-saves -fpic  -I/home/slobodan/OLDopenwrt-rtk/rtk_openwrt_src/staging_dir/target-mips-rlx4181-linux/usr/include -I/home/slobodan/OLDopenwrt-rtk/rtk_openwrt_src/staging_dir/target-mips-rlx4181-linux/include -I/home/slobodan/OLDopenwrt-rtk/rtk_openwrt_src/staging_dir/rsdk-4.6.4-4181-EB-3.10-0.9.33-m32u-20141001//include  conftest.c >&5
configure:5862: $? = 0
configure:5862: result: yes
configure:5862: checking for stdlib.h
configure:5862: rsdk-linux-gcc -c -Os -pipe -fno-caller-saves -fpic  -I/home/slobodan/OLDopenwrt-rtk/rtk_openwrt_src/staging_dir/target-mips-rlx4181-linux/usr/include -I/home/slobodan/OLDopenwrt-rtk/rtk_openwrt_src/staging_dir/target-mips-rlx4181-linux/include -I/home/slobodan/OLDopenwrt-rtk/rtk_openwrt_src/staging_dir/rsdk-4.6.4-4181-EB-3.10-0.9.33-m32u-20141001//include  conftest.c >&5
configure:5862: $? = 0
configure:5862: result: yes
configure:5862: checking for string.h
configure:5862: rsdk-linux-gcc -c -Os -pipe -fno-caller-saves -fpic  -I/home/slobodan/OLDopenwrt-rtk/rtk_openwrt_src/staging_dir/target-mips-rlx4181-linux/usr/include -I/home/slobodan/OLDopenwrt-rtk/rtk_openwrt_src/staging_dir/target-mips-rlx4181-linux/include -I/home/slobodan/OLDopenwrt-rtk/rtk_openwrt_src/staging_dir/rsdk-4.6.4-4181-EB-3.10-0.9.33-m32u-20141001//include  conftest.c >&5
configure:5862: $? = 0
configure:5862: result: yes
configure:5862: checking for memory.h
configure:5862: rsdk-linux-gcc -c -Os -pipe -fno-caller-saves -fpic  -I/home/slobodan/OLDopenwrt-rtk/rtk_openwrt_src/staging_dir/target-mips-rlx4181-linux/usr/include -I/home/slobodan/OLDopenwrt-rtk/rtk_openwrt_src/staging_dir/target-mips-rlx4181-linux/include -I/home/slobodan/OLDopenwrt-rtk/rtk_openwrt_src/staging_dir/rsdk-4.6.4-4181-EB-3.10-0.9.33-m32u-20141001//include  conftest.c >&5
configure:5862: $? = 0
configure:5862: result: yes
configure:5862: checking for strings.h
configure:5862: rsdk-linux-gcc -c -Os -pipe -fno-caller-saves -fpic  -I/home/slobodan/OLDopenwrt-rtk/rtk_openwrt_src/staging_dir/target-mips-rlx4181-linux/usr/include -I/home/slobodan/OLDopenwrt-rtk/rtk_openwrt_src/staging_dir/target-mips-rlx4181-linux/include -I/home/slobodan/OLDopenwrt-rtk/rtk_openwrt_src/staging_dir/rsdk-4.6.4-4181-EB-3.10-0.9.33-m32u-20141001//include  conftest.c >&5
configure:5862: $? = 0
configure:5862: result: yes
configure:5862: checking for inttypes.h
configure:5862: rsdk-linux-gcc -c -Os -pipe -fno-caller-saves -fpic  -I/home/slobodan/OLDopenwrt-rtk/rtk_openwrt_src/staging_dir/target-mips-rlx4181-linux/usr/include -I/home/slobodan/OLDopenwrt-rtk/rtk_openwrt_src/staging_dir/target-mips-rlx4181-linux/include -I/home/slobodan/OLDopenwrt-rtk/rtk_openwrt_src/staging_dir/rsdk-4.6.4-4181-EB-3.10-0.9.33-m32u-20141001//include  conftest.c >&5
configure:5862: $? = 0
configure:5862: result: yes
configure:5862: checking for stdint.h
configure:5862: rsdk-linux-gcc -c -Os -pipe -fno-caller-saves -fpic  -I/home/slobodan/OLDopenwrt-rtk/rtk_openwrt_src/staging_dir/target-mips-rlx4181-linux/usr/include -I/home/slobodan/OLDopenwrt-rtk/rtk_openwrt_src/staging_dir/target-mips-rlx4181-linux/include -I/home/slobodan/OLDopenwrt-rtk/rtk_openwrt_src/staging_dir/rsdk-4.6.4-4181-EB-3.10-0.9.33-m32u-20141001//include  conftest.c >&5
configure:5862: $? = 0
configure:5862: result: yes
configure:5862: checking for unistd.h
configure:5862: rsdk-linux-gcc -c -Os -pipe -fno-caller-saves -fpic  -I/home/slobodan/OLDopenwrt-rtk/rtk_openwrt_src/staging_dir/target-mips-rlx4181-linux/usr/include -I/home/slobodan/OLDopenwrt-rtk/rtk_openwrt_src/staging_dir/target-mips-rlx4181-linux/include -I/home/slobodan/OLDopenwrt-rtk/rtk_openwrt_src/staging_dir/rsdk-4.6.4-4181-EB-3.10-0.9.33-m32u-20141001//include  conftest.c >&5
configure:5862: $? = 0
configure:5862: result: yes
configure:5874: checking for size_t
configure:5874: rsdk-linux-gcc -c -Os -pipe -fno-caller-saves -fpic  -I/home/slobodan/OLDopenwrt-rtk/rtk_openwrt_src/staging_dir/target-mips-rlx4181-linux/usr/include -I/home/slobodan/OLDopenwrt-rtk/rtk_openwrt_src/staging_dir/target-mips-rlx4181-linux/include -I/home/slobodan/OLDopenwrt-rtk/rtk_openwrt_src/staging_dir/rsdk-4.6.4-4181-EB-3.10-0.9.33-m32u-20141001//include  conftest.c >&5
configure:5874: $? = 0
configure:5874: rsdk-linux-gcc -c -Os -pipe -fno-caller-saves -fpic  -I/home/slobodan/OLDopenwrt-rtk/rtk_openwrt_src/staging_dir/target-mips-rlx4181-linux/usr/include -I/home/slobodan/OLDopenwrt-rtk/rtk_openwrt_src/staging_dir/target-mips-rlx4181-linux/include -I/home/slobodan/OLDopenwrt-rtk/rtk_openwrt_src/staging_dir/rsdk-4.6.4-4181-EB-3.10-0.9.33-m32u-20141001//include  conftest.c >&5
conftest.c: In function 'main':
conftest.c:55:21: error: expected expression before ')' token
configure:5874: $? = 1
configure: failed program was:
| /* confdefs.h */
| #define PACKAGE_NAME "nettle"
| #define PACKAGE_TARNAME "nettle"
| #define PACKAGE_VERSION "2.7.1"
| #define PACKAGE_STRING "nettle 2.7.1"
| #define PACKAGE_BUGREPORT "nettle-bugs@lists.lysator.liu.se"
| #define PACKAGE_URL ""
| #define STDC_HEADERS 1
| #define HAVE_SYS_TYPES_H 1
| #define HAVE_SYS_STAT_H 1
| #define HAVE_STDLIB_H 1
| #define HAVE_STRING_H 1
| #define HAVE_MEMORY_H 1
| #define HAVE_STRINGS_H 1
| #define HAVE_INTTYPES_H 1
| #define HAVE_STDINT_H 1
| #define HAVE_UNISTD_H 1
| /* end confdefs.h.  */
| #include <stdio.h>
| #ifdef HAVE_SYS_TYPES_H
| # include <sys/types.h>
| #endif
| #ifdef HAVE_SYS_STAT_H
| # include <sys/stat.h>
| #endif
| #ifdef STDC_HEADERS
| # include <stdlib.h>
| # include <stddef.h>
| #else
| # ifdef HAVE_STDLIB_H
| #  include <stdlib.h>
| # endif
| #endif
| #ifdef HAVE_STRING_H
| # if !defined STDC_HEADERS && defined HAVE_MEMORY_H
| #  include <memory.h>
| # endif
| # include <string.h>
| #endif
| #ifdef HAVE_STRINGS_H
| # include <strings.h>
| #endif
| #ifdef HAVE_INTTYPES_H
| # include <inttypes.h>
| #endif
| #ifdef HAVE_STDINT_H
| # include <stdint.h>
| #endif
| #ifdef HAVE_UNISTD_H
| # include <unistd.h>
| #endif
| int
| main ()
| {
| if (sizeof ((size_t)))
| 	    return 0;
|   ;
|   return 0;
| }
configure:5874: result: yes
configure:5885: checking whether time.h and sys/time.h may both be included
configure:5905: rsdk-linux-gcc -c -Os -pipe -fno-caller-saves -fpic  -I/home/slobodan/OLDopenwrt-rtk/rtk_openwrt_src/staging_dir/target-mips-rlx4181-linux/usr/include -I/home/slobodan/OLDopenwrt-rtk/rtk_openwrt_src/staging_dir/target-mips-rlx4181-linux/include -I/home/slobodan/OLDopenwrt-rtk/rtk_openwrt_src/staging_dir/rsdk-4.6.4-4181-EB-3.10-0.9.33-m32u-20141001//include  conftest.c >&5
configure:5905: $? = 0
configure:5912: result: yes
configure:5924: checking size of long
configure:5943: result: 4
configure:5955: checking alignment of uint64_t
configure:5960: rsdk-linux-gcc -c -Os -pipe -fno-caller-saves -fpic  -I/home/slobodan/OLDopenwrt-rtk/rtk_openwrt_src/staging_dir/target-mips-rlx4181-linux/usr/include -I/home/slobodan/OLDopenwrt-rtk/rtk_openwrt_src/staging_dir/target-mips-rlx4181-linux/include -I/home/slobodan/OLDopenwrt-rtk/rtk_openwrt_src/staging_dir/rsdk-4.6.4-4181-EB-3.10-0.9.33-m32u-20141001//include  conftest.c >&5
configure:5960: $? = 0
configure:5960: rsdk-linux-gcc -c -Os -pipe -fno-caller-saves -fpic  -I/home/slobodan/OLDopenwrt-rtk/rtk_openwrt_src/staging_dir/target-mips-rlx4181-linux/usr/include -I/home/slobodan/OLDopenwrt-rtk/rtk_openwrt_src/staging_dir/target-mips-rlx4181-linux/include -I/home/slobodan/OLDopenwrt-rtk/rtk_openwrt_src/staging_dir/rsdk-4.6.4-4181-EB-3.10-0.9.33-m32u-20141001//include  conftest.c >&5
conftest.c: In function 'main':
conftest.c:61:12: error: size of array 'test_array' is negative
configure:5960: $? = 1
configure: failed program was:
| /* confdefs.h */
| #define PACKAGE_NAME "nettle"
| #define PACKAGE_TARNAME "nettle"
| #define PACKAGE_VERSION "2.7.1"
| #define PACKAGE_STRING "nettle 2.7.1"
| #define PACKAGE_BUGREPORT "nettle-bugs@lists.lysator.liu.se"
| #define PACKAGE_URL ""
| #define STDC_HEADERS 1
| #define HAVE_SYS_TYPES_H 1
| #define HAVE_SYS_STAT_H 1
| #define HAVE_STDLIB_H 1
| #define HAVE_STRING_H 1
| #define HAVE_MEMORY_H 1
| #define HAVE_STRINGS_H 1
| #define HAVE_INTTYPES_H 1
| #define HAVE_STDINT_H 1
| #define HAVE_UNISTD_H 1
| #define TIME_WITH_SYS_TIME 1
| #define SIZEOF_LONG 4
| /* end confdefs.h.  */
| #include <stdio.h>
| #ifdef HAVE_SYS_TYPES_H
| # include <sys/types.h>
| #endif
| #ifdef HAVE_SYS_STAT_H
| # include <sys/stat.h>
| #endif
| #ifdef STDC_HEADERS
| # include <stdlib.h>
| # include <stddef.h>
| #else
| # ifdef HAVE_STDLIB_H
| #  include <stdlib.h>
| # endif
| #endif
| #ifdef HAVE_STRING_H
| # if !defined STDC_HEADERS && defined HAVE_MEMORY_H
| #  include <memory.h>
| # endif
| # include <string.h>
| #endif
| #ifdef HAVE_STRINGS_H
| # include <strings.h>
| #endif
| #ifdef HAVE_INTTYPES_H
| # include <inttypes.h>
| #endif
| #ifdef HAVE_STDINT_H
| # include <stdint.h>
| #endif
| #ifdef HAVE_UNISTD_H
| # include <unistd.h>
| #endif
| #ifndef offsetof
| # define offsetof(type, member) ((char *) &((type *) 0)->member - (char *) 0)
| #endif
| typedef struct { char x; uint64_t y; } ac__type_alignof_;
| int
| main ()
| {
| static int test_array [1 - 2 * !(((long int) offsetof (ac__type_alignof_, y)) <= 0)];
| test_array [0] = 0
| 
|   ;
|   return 0;
| }
configure:5960: rsdk-linux-gcc -c -Os -pipe -fno-caller-saves -fpic  -I/home/slobodan/OLDopenwrt-rtk/rtk_openwrt_src/staging_dir/target-mips-rlx4181-linux/usr/include -I/home/slobodan/OLDopenwrt-rtk/rtk_openwrt_src/staging_dir/target-mips-rlx4181-linux/include -I/home/slobodan/OLDopenwrt-rtk/rtk_openwrt_src/staging_dir/rsdk-4.6.4-4181-EB-3.10-0.9.33-m32u-20141001//include  conftest.c >&5
conftest.c: In function 'main':
conftest.c:61:12: error: size of array 'test_array' is negative
configure:5960: $? = 1
configure: failed program was:
| /* confdefs.h */
| #define PACKAGE_NAME "nettle"
| #define PACKAGE_TARNAME "nettle"
| #define PACKAGE_VERSION "2.7.1"
| #define PACKAGE_STRING "nettle 2.7.1"
| #define PACKAGE_BUGREPORT "nettle-bugs@lists.lysator.liu.se"
| #define PACKAGE_URL ""
| #define STDC_HEADERS 1
| #define HAVE_SYS_TYPES_H 1
| #define HAVE_SYS_STAT_H 1
| #define HAVE_STDLIB_H 1
| #define HAVE_STRING_H 1
| #define HAVE_MEMORY_H 1
| #define HAVE_STRINGS_H 1
| #define HAVE_INTTYPES_H 1
| #define HAVE_STDINT_H 1
| #define HAVE_UNISTD_H 1
| #define TIME_WITH_SYS_TIME 1
| #define SIZEOF_LONG 4
| /* end confdefs.h.  */
| #include <stdio.h>
| #ifdef HAVE_SYS_TYPES_H
| # include <sys/types.h>
| #endif
| #ifdef HAVE_SYS_STAT_H
| # include <sys/stat.h>
| #endif
| #ifdef STDC_HEADERS
| # include <stdlib.h>
| # include <stddef.h>
| #else
| # ifdef HAVE_STDLIB_H
| #  include <stdlib.h>
| # endif
| #endif
| #ifdef HAVE_STRING_H
| # if !defined STDC_HEADERS && defined HAVE_MEMORY_H
| #  include <memory.h>
| # endif
| # include <string.h>
| #endif
| #ifdef HAVE_STRINGS_H
| # include <strings.h>
| #endif
| #ifdef HAVE_INTTYPES_H
| # include <inttypes.h>
| #endif
| #ifdef HAVE_STDINT_H
| # include <stdint.h>
| #endif
| #ifdef HAVE_UNISTD_H
| # include <unistd.h>
| #endif
| #ifndef offsetof
| # define offsetof(type, member) ((char *) &((type *) 0)->member - (char *) 0)
| #endif
| typedef struct { char x; uint64_t y; } ac__type_alignof_;
| int
| main ()
| {
| static int test_array [1 - 2 * !(((long int) offsetof (ac__type_alignof_, y)) <= 1)];
| test_array [0] = 0
| 
|   ;
|   return 0;
| }
configure:5960: rsdk-linux-gcc -c -Os -pipe -fno-caller-saves -fpic  -I/home/slobodan/OLDopenwrt-rtk/rtk_openwrt_src/staging_dir/target-mips-rlx4181-linux/usr/include -I/home/slobodan/OLDopenwrt-rtk/rtk_openwrt_src/staging_dir/target-mips-rlx4181-linux/include -I/home/slobodan/OLDopenwrt-rtk/rtk_openwrt_src/staging_dir/rsdk-4.6.4-4181-EB-3.10-0.9.33-m32u-20141001//include  conftest.c >&5
conftest.c: In function 'main':
conftest.c:61:12: error: size of array 'test_array' is negative
configure:5960: $? = 1
configure: failed program was:
| /* confdefs.h */
| #define PACKAGE_NAME "nettle"
| #define PACKAGE_TARNAME "nettle"
| #define PACKAGE_VERSION "2.7.1"
| #define PACKAGE_STRING "nettle 2.7.1"
| #define PACKAGE_BUGREPORT "nettle-bugs@lists.lysator.liu.se"
| #define PACKAGE_URL ""
| #define STDC_HEADERS 1
| #define HAVE_SYS_TYPES_H 1
| #define HAVE_SYS_STAT_H 1
| #define HAVE_STDLIB_H 1
| #define HAVE_STRING_H 1
| #define HAVE_MEMORY_H 1
| #define HAVE_STRINGS_H 1
| #define HAVE_INTTYPES_H 1
| #define HAVE_STDINT_H 1
| #define HAVE_UNISTD_H 1
| #define TIME_WITH_SYS_TIME 1
| #define SIZEOF_LONG 4
| /* end confdefs.h.  */
| #include <stdio.h>
| #ifdef HAVE_SYS_TYPES_H
| # include <sys/types.h>
| #endif
| #ifdef HAVE_SYS_STAT_H
| # include <sys/stat.h>
| #endif
| #ifdef STDC_HEADERS
| # include <stdlib.h>
| # include <stddef.h>
| #else
| # ifdef HAVE_STDLIB_H
| #  include <stdlib.h>
| # endif
| #endif
| #ifdef HAVE_STRING_H
| # if !defined STDC_HEADERS && defined HAVE_MEMORY_H
| #  include <memory.h>
| # endif
| # include <string.h>
| #endif
| #ifdef HAVE_STRINGS_H
| # include <strings.h>
| #endif
| #ifdef HAVE_INTTYPES_H
| # include <inttypes.h>
| #endif
| #ifdef HAVE_STDINT_H
| # include <stdint.h>
| #endif
| #ifdef HAVE_UNISTD_H
| # include <unistd.h>
| #endif
| #ifndef offsetof
| # define offsetof(type, member) ((char *) &((type *) 0)->member - (char *) 0)
| #endif
| typedef struct { char x; uint64_t y; } ac__type_alignof_;
| int
| main ()
| {
| static int test_array [1 - 2 * !(((long int) offsetof (ac__type_alignof_, y)) <= 3)];
| test_array [0] = 0
| 
|   ;
|   return 0;
| }
configure:5960: rsdk-linux-gcc -c -Os -pipe -fno-caller-saves -fpic  -I/home/slobodan/OLDopenwrt-rtk/rtk_openwrt_src/staging_dir/target-mips-rlx4181-linux/usr/include -I/home/slobodan/OLDopenwrt-rtk/rtk_openwrt_src/staging_dir/target-mips-rlx4181-linux/include -I/home/slobodan/OLDopenwrt-rtk/rtk_openwrt_src/staging_dir/rsdk-4.6.4-4181-EB-3.10-0.9.33-m32u-20141001//include  conftest.c >&5
conftest.c: In function 'main':
conftest.c:61:12: error: size of array 'test_array' is negative
configure:5960: $? = 1
configure: failed program was:
| /* confdefs.h */
| #define PACKAGE_NAME "nettle"
| #define PACKAGE_TARNAME "nettle"
| #define PACKAGE_VERSION "2.7.1"
| #define PACKAGE_STRING "nettle 2.7.1"
| #define PACKAGE_BUGREPORT "nettle-bugs@lists.lysator.liu.se"
| #define PACKAGE_URL ""
| #define STDC_HEADERS 1
| #define HAVE_SYS_TYPES_H 1
| #define HAVE_SYS_STAT_H 1
| #define HAVE_STDLIB_H 1
| #define HAVE_STRING_H 1
| #define HAVE_MEMORY_H 1
| #define HAVE_STRINGS_H 1
| #define HAVE_INTTYPES_H 1
| #define HAVE_STDINT_H 1
| #define HAVE_UNISTD_H 1
| #define TIME_WITH_SYS_TIME 1
| #define SIZEOF_LONG 4
| /* end confdefs.h.  */
| #include <stdio.h>
| #ifdef HAVE_SYS_TYPES_H
| # include <sys/types.h>
| #endif
| #ifdef HAVE_SYS_STAT_H
| # include <sys/stat.h>
| #endif
| #ifdef STDC_HEADERS
| # include <stdlib.h>
| # include <stddef.h>
| #else
| # ifdef HAVE_STDLIB_H
| #  include <stdlib.h>
| # endif
| #endif
| #ifdef HAVE_STRING_H
| # if !defined STDC_HEADERS && defined HAVE_MEMORY_H
| #  include <memory.h>
| # endif
| # include <string.h>
| #endif
| #ifdef HAVE_STRINGS_H
| # include <strings.h>
| #endif
| #ifdef HAVE_INTTYPES_H
| # include <inttypes.h>
| #endif
| #ifdef HAVE_STDINT_H
| # include <stdint.h>
| #endif
| #ifdef HAVE_UNISTD_H
| # include <unistd.h>
| #endif
| #ifndef offsetof
| # define offsetof(type, member) ((char *) &((type *) 0)->member - (char *) 0)
| #endif
| typedef struct { char x; uint64_t y; } ac__type_alignof_;
| int
| main ()
| {
| static int test_array [1 - 2 * !(((long int) offsetof (ac__type_alignof_, y)) <= 7)];
| test_array [0] = 0
| 
|   ;
|   return 0;
| }
configure:5960: rsdk-linux-gcc -c -Os -pipe -fno-caller-saves -fpic  -I/home/slobodan/OLDopenwrt-rtk/rtk_openwrt_src/staging_dir/target-mips-rlx4181-linux/usr/include -I/home/slobodan/OLDopenwrt-rtk/rtk_openwrt_src/staging_dir/target-mips-rlx4181-linux/include -I/home/slobodan/OLDopenwrt-rtk/rtk_openwrt_src/staging_dir/rsdk-4.6.4-4181-EB-3.10-0.9.33-m32u-20141001//include  conftest.c >&5
configure:5960: $? = 0
configure:5960: rsdk-linux-gcc -c -Os -pipe -fno-caller-saves -fpic  -I/home/slobodan/OLDopenwrt-rtk/rtk_openwrt_src/staging_dir/target-mips-rlx4181-linux/usr/include -I/home/slobodan/OLDopenwrt-rtk/rtk_openwrt_src/staging_dir/target-mips-rlx4181-linux/include -I/home/slobodan/OLDopenwrt-rtk/rtk_openwrt_src/staging_dir/rsdk-4.6.4-4181-EB-3.10-0.9.33-m32u-20141001//include  conftest.c >&5
configure:5960: $? = 0
configure:5960: rsdk-linux-gcc -c -Os -pipe -fno-caller-saves -fpic  -I/home/slobodan/OLDopenwrt-rtk/rtk_openwrt_src/staging_dir/target-mips-rlx4181-linux/usr/include -I/home/slobodan/OLDopenwrt-rtk/rtk_openwrt_src/staging_dir/target-mips-rlx4181-linux/include -I/home/slobodan/OLDopenwrt-rtk/rtk_openwrt_src/staging_dir/rsdk-4.6.4-4181-EB-3.10-0.9.33-m32u-20141001//include  conftest.c >&5
configure:5960: $? = 0
configure:5960: rsdk-linux-gcc -c -Os -pipe -fno-caller-saves -fpic  -I/home/slobodan/OLDopenwrt-rtk/rtk_openwrt_src/staging_dir/target-mips-rlx4181-linux/usr/include -I/home/slobodan/OLDopenwrt-rtk/rtk_openwrt_src/staging_dir/target-mips-rlx4181-linux/include -I/home/slobodan/OLDopenwrt-rtk/rtk_openwrt_src/staging_dir/rsdk-4.6.4-4181-EB-3.10-0.9.33-m32u-20141001//include  conftest.c >&5
configure:5960: $? = 0
configure:5978: result: 8
configure:5995: checking openssl/blowfish.h usability
configure:5995: rsdk-linux-gcc -c -Os -pipe -fno-caller-saves -fpic  -I/home/slobodan/OLDopenwrt-rtk/rtk_openwrt_src/staging_dir/target-mips-rlx4181-linux/usr/include -I/home/slobodan/OLDopenwrt-rtk/rtk_openwrt_src/staging_dir/target-mips-rlx4181-linux/include -I/home/slobodan/OLDopenwrt-rtk/rtk_openwrt_src/staging_dir/rsdk-4.6.4-4181-EB-3.10-0.9.33-m32u-20141001//include  conftest.c >&5
configure:5995: $? = 0
configure:5995: result: yes
configure:5995: checking openssl/blowfish.h presence
configure:5995: rsdk-linux-gcc -E -I/home/slobodan/OLDopenwrt-rtk/rtk_openwrt_src/staging_dir/target-mips-rlx4181-linux/usr/include -I/home/slobodan/OLDopenwrt-rtk/rtk_openwrt_src/staging_dir/target-mips-rlx4181-linux/include -I/home/slobodan/OLDopenwrt-rtk/rtk_openwrt_src/staging_dir/rsdk-4.6.4-4181-EB-3.10-0.9.33-m32u-20141001//include  conftest.c
configure:5995: $? = 0
configure:5995: result: yes
configure:5995: checking for openssl/blowfish.h
configure:5995: result: yes
configure:5995: checking openssl/des.h usability
configure:5995: rsdk-linux-gcc -c -Os -pipe -fno-caller-saves -fpic  -I/home/slobodan/OLDopenwrt-rtk/rtk_openwrt_src/staging_dir/target-mips-rlx4181-linux/usr/include -I/home/slobodan/OLDopenwrt-rtk/rtk_openwrt_src/staging_dir/target-mips-rlx4181-linux/include -I/home/slobodan/OLDopenwrt-rtk/rtk_openwrt_src/staging_dir/rsdk-4.6.4-4181-EB-3.10-0.9.33-m32u-20141001//include  conftest.c >&5
configure:5995: $? = 0
configure:5995: result: yes
configure:5995: checking openssl/des.h presence
configure:5995: rsdk-linux-gcc -E -I/home/slobodan/OLDopenwrt-rtk/rtk_openwrt_src/staging_dir/target-mips-rlx4181-linux/usr/include -I/home/slobodan/OLDopenwrt-rtk/rtk_openwrt_src/staging_dir/target-mips-rlx4181-linux/include -I/home/slobodan/OLDopenwrt-rtk/rtk_openwrt_src/staging_dir/rsdk-4.6.4-4181-EB-3.10-0.9.33-m32u-20141001//include  conftest.c
configure:5995: $? = 0
configure:5995: result: yes
configure:5995: checking for openssl/des.h
configure:5995: result: yes
configure:5995: checking openssl/cast.h usability
configure:5995: rsdk-linux-gcc -c -Os -pipe -fno-caller-saves -fpic  -I/home/slobodan/OLDopenwrt-rtk/rtk_openwrt_src/staging_dir/target-mips-rlx4181-linux/usr/include -I/home/slobodan/OLDopenwrt-rtk/rtk_openwrt_src/staging_dir/target-mips-rlx4181-linux/include -I/home/slobodan/OLDopenwrt-rtk/rtk_openwrt_src/staging_dir/rsdk-4.6.4-4181-EB-3.10-0.9.33-m32u-20141001//include  conftest.c >&5
configure:5995: $? = 0
configure:5995: result: yes
configure:5995: checking openssl/cast.h presence
configure:5995: rsdk-linux-gcc -E -I/home/slobodan/OLDopenwrt-rtk/rtk_openwrt_src/staging_dir/target-mips-rlx4181-linux/usr/include -I/home/slobodan/OLDopenwrt-rtk/rtk_openwrt_src/staging_dir/target-mips-rlx4181-linux/include -I/home/slobodan/OLDopenwrt-rtk/rtk_openwrt_src/staging_dir/rsdk-4.6.4-4181-EB-3.10-0.9.33-m32u-20141001//include  conftest.c
configure:5995: $? = 0
configure:5995: result: yes
configure:5995: checking for openssl/cast.h
configure:5995: result: yes
configure:5995: checking openssl/aes.h usability
configure:5995: rsdk-linux-gcc -c -Os -pipe -fno-caller-saves -fpic  -I/home/slobodan/OLDopenwrt-rtk/rtk_openwrt_src/staging_dir/target-mips-rlx4181-linux/usr/include -I/home/slobodan/OLDopenwrt-rtk/rtk_openwrt_src/staging_dir/target-mips-rlx4181-linux/include -I/home/slobodan/OLDopenwrt-rtk/rtk_openwrt_src/staging_dir/rsdk-4.6.4-4181-EB-3.10-0.9.33-m32u-20141001//include  conftest.c >&5
configure:5995: $? = 0
configure:5995: result: yes
configure:5995: checking openssl/aes.h presence
configure:5995: rsdk-linux-gcc -E -I/home/slobodan/OLDopenwrt-rtk/rtk_openwrt_src/staging_dir/target-mips-rlx4181-linux/usr/include -I/home/slobodan/OLDopenwrt-rtk/rtk_openwrt_src/staging_dir/target-mips-rlx4181-linux/include -I/home/slobodan/OLDopenwrt-rtk/rtk_openwrt_src/staging_dir/rsdk-4.6.4-4181-EB-3.10-0.9.33-m32u-20141001//include  conftest.c
configure:5995: $? = 0
configure:5995: result: yes
configure:5995: checking for openssl/aes.h
configure:5995: result: yes
configure:6011: checking for working alloca.h
configure:6028: rsdk-linux-gcc -o conftest -Os -pipe -fno-caller-saves -fpic  -I/home/slobodan/OLDopenwrt-rtk/rtk_openwrt_src/staging_dir/target-mips-rlx4181-linux/usr/include -I/home/slobodan/OLDopenwrt-rtk/rtk_openwrt_src/staging_dir/target-mips-rlx4181-linux/include -I/home/slobodan/OLDopenwrt-rtk/rtk_openwrt_src/staging_dir/rsdk-4.6.4-4181-EB-3.10-0.9.33-m32u-20141001//include  -L/home/slobodan/OLDopenwrt-rtk/rtk_openwrt_src/staging_dir/target-mips-rlx4181-linux/usr/lib -L/home/slobodan/OLDopenwrt-rtk/rtk_openwrt_src/staging_dir/target-mips-rlx4181-linux/lib -L/home/slobodan/OLDopenwrt-rtk/rtk_openwrt_src/staging_dir/rsdk-4.6.4-4181-EB-3.10-0.9.33-m32u-20141001//lib  conftest.c  >&5
configure:6028: $? = 0
configure:6036: result: yes
configure:6044: checking for alloca
configure:6081: rsdk-linux-gcc -o conftest -Os -pipe -fno-caller-saves -fpic  -I/home/slobodan/OLDopenwrt-rtk/rtk_openwrt_src/staging_dir/target-mips-rlx4181-linux/usr/include -I/home/slobodan/OLDopenwrt-rtk/rtk_openwrt_src/staging_dir/target-mips-rlx4181-linux/include -I/home/slobodan/OLDopenwrt-rtk/rtk_openwrt_src/staging_dir/rsdk-4.6.4-4181-EB-3.10-0.9.33-m32u-20141001//include  -L/home/slobodan/OLDopenwrt-rtk/rtk_openwrt_src/staging_dir/target-mips-rlx4181-linux/usr/lib -L/home/slobodan/OLDopenwrt-rtk/rtk_openwrt_src/staging_dir/target-mips-rlx4181-linux/lib -L/home/slobodan/OLDopenwrt-rtk/rtk_openwrt_src/staging_dir/rsdk-4.6.4-4181-EB-3.10-0.9.33-m32u-20141001//lib  conftest.c  >&5
configure:6081: $? = 0
configure:6089: result: yes
configure:6200: checking malloc.h usability
configure:6200: rsdk-linux-gcc -c -Os -pipe -fno-caller-saves -fpic  -I/home/slobodan/OLDopenwrt-rtk/rtk_openwrt_src/staging_dir/target-mips-rlx4181-linux/usr/include -I/home/slobodan/OLDopenwrt-rtk/rtk_openwrt_src/staging_dir/target-mips-rlx4181-linux/include -I/home/slobodan/OLDopenwrt-rtk/rtk_openwrt_src/staging_dir/rsdk-4.6.4-4181-EB-3.10-0.9.33-m32u-20141001//include  conftest.c >&5
configure:6200: $? = 0
configure:6200: result: yes
configure:6200: checking malloc.h presence
configure:6200: rsdk-linux-gcc -E -I/home/slobodan/OLDopenwrt-rtk/rtk_openwrt_src/staging_dir/target-mips-rlx4181-linux/usr/include -I/home/slobodan/OLDopenwrt-rtk/rtk_openwrt_src/staging_dir/target-mips-rlx4181-linux/include -I/home/slobodan/OLDopenwrt-rtk/rtk_openwrt_src/staging_dir/rsdk-4.6.4-4181-EB-3.10-0.9.33-m32u-20141001//include  conftest.c
configure:6200: $? = 0
configure:6200: result: yes
configure:6200: checking for malloc.h
configure:6200: result: yes
configure:6213: checking for strerror
configure:6213: result: yes
configure:6225: checking whether byte ordering is bigendian
configure:6431: result: yes
configure:6449: checking for memxor
configure:6449: rsdk-linux-gcc -o conftest -Os -pipe -fno-caller-saves -fpic  -I/home/slobodan/OLDopenwrt-rtk/rtk_openwrt_src/staging_dir/target-mips-rlx4181-linux/usr/include -I/home/slobodan/OLDopenwrt-rtk/rtk_openwrt_src/staging_dir/target-mips-rlx4181-linux/include -I/home/slobodan/OLDopenwrt-rtk/rtk_openwrt_src/staging_dir/rsdk-4.6.4-4181-EB-3.10-0.9.33-m32u-20141001//include  -L/home/slobodan/OLDopenwrt-rtk/rtk_openwrt_src/staging_dir/target-mips-rlx4181-linux/usr/lib -L/home/slobodan/OLDopenwrt-rtk/rtk_openwrt_src/staging_dir/target-mips-rlx4181-linux/lib -L/home/slobodan/OLDopenwrt-rtk/rtk_openwrt_src/staging_dir/rsdk-4.6.4-4181-EB-3.10-0.9.33-m32u-20141001//lib  conftest.c  >&5
/tmp/ccL4ykTy.o: In function `main':
conftest.c:(.text.startup+0x14): undefined reference to `memxor'
collect2: ld returned 1 exit status
configure:6449: $? = 1
configure: failed program was:
| /* confdefs.h */
| #define PACKAGE_NAME "nettle"
| #define PACKAGE_TARNAME "nettle"
| #define PACKAGE_VERSION "2.7.1"
| #define PACKAGE_STRING "nettle 2.7.1"
| #define PACKAGE_BUGREPORT "nettle-bugs@lists.lysator.liu.se"
| #define PACKAGE_URL ""
| #define STDC_HEADERS 1
| #define HAVE_SYS_TYPES_H 1
| #define HAVE_SYS_STAT_H 1
| #define HAVE_STDLIB_H 1
| #define HAVE_STRING_H 1
| #define HAVE_MEMORY_H 1
| #define HAVE_STRINGS_H 1
| #define HAVE_INTTYPES_H 1
| #define HAVE_STDINT_H 1
| #define HAVE_UNISTD_H 1
| #define TIME_WITH_SYS_TIME 1
| #define SIZEOF_LONG 4
| #define ALIGNOF_UINT64_T 8
| #define HAVE_OPENSSL_BLOWFISH_H 1
| #define HAVE_OPENSSL_DES_H 1
| #define HAVE_OPENSSL_CAST_H 1
| #define HAVE_OPENSSL_AES_H 1
| #define HAVE_ALLOCA_H 1
| #define HAVE_ALLOCA 1
| #define HAVE_MALLOC_H 1
| #define HAVE_STRERROR 1
| #define WORDS_BIGENDIAN 1
| /* end confdefs.h.  */
| /* Define memxor to an innocuous variant, in case <limits.h> declares memxor.
|    For example, HP-UX 11i <limits.h> declares gettimeofday.  */
| #define memxor innocuous_memxor
| 
| /* System header to define __stub macros and hopefully few prototypes,
|     which can conflict with char memxor (); below.
|     Prefer <limits.h> to <assert.h> if __STDC__ is defined, since
|     <limits.h> exists even on freestanding compilers.  */
| 
| #ifdef __STDC__
| # include <limits.h>
| #else
| # include <assert.h>
| #endif
| 
| #undef memxor
| 
| /* Override any GCC internal prototype to avoid an error.
|    Use char because int might match the return type of a GCC
|    builtin and then its argument prototype would still apply.  */
| #ifdef __cplusplus
| extern "C"
| #endif
| char memxor ();
| /* The GNU C library defines this for functions which it implements
|     to always fail with ENOSYS.  Some functions are actually named
|     something starting with __ and the normal name is an alias.  */
| #if defined __stub_memxor || defined __stub___memxor
| choke me
| #endif
| 
| int
| main ()
| {
| return memxor ();
|   ;
|   return 0;
| }
configure:6449: result: no
configure:6464: checking for __attribute__
configure:6490: rsdk-linux-gcc -c -Os -pipe -fno-caller-saves -fpic  -I/home/slobodan/OLDopenwrt-rtk/rtk_openwrt_src/staging_dir/target-mips-rlx4181-linux/usr/include -I/home/slobodan/OLDopenwrt-rtk/rtk_openwrt_src/staging_dir/target-mips-rlx4181-linux/include -I/home/slobodan/OLDopenwrt-rtk/rtk_openwrt_src/staging_dir/rsdk-4.6.4-4181-EB-3.10-0.9.33-m32u-20141001//include  conftest.c >&5
configure:6490: $? = 0
configure:6497: result: yes
configure:6511: checking for stdint types
configure:6534: rsdk-linux-gcc -c   conftest.c >&5
configure:6534: $? = 0
configure:6559: result: stdint.h (shortcircuit)
configure:6927: result: make use of stdint.h in nettle-stdint.h (assuming C99 compatible system)
configure:6937: checking for fcntl file locking
configure:6964: rsdk-linux-gcc -c -Os -pipe -fno-caller-saves -fpic  -I/home/slobodan/OLDopenwrt-rtk/rtk_openwrt_src/staging_dir/target-mips-rlx4181-linux/usr/include -I/home/slobodan/OLDopenwrt-rtk/rtk_openwrt_src/staging_dir/target-mips-rlx4181-linux/include -I/home/slobodan/OLDopenwrt-rtk/rtk_openwrt_src/staging_dir/rsdk-4.6.4-4181-EB-3.10-0.9.33-m32u-20141001//include  conftest.c >&5
configure:6964: $? = 0
configure:6971: result: yes
configure:6995: checking for __gmpz_getlimbn in -lgmp
configure:7020: rsdk-linux-gcc -o conftest -Os -pipe -fno-caller-saves -fpic  -I/home/slobodan/OLDopenwrt-rtk/rtk_openwrt_src/staging_dir/target-mips-rlx4181-linux/usr/include -I/home/slobodan/OLDopenwrt-rtk/rtk_openwrt_src/staging_dir/target-mips-rlx4181-linux/include -I/home/slobodan/OLDopenwrt-rtk/rtk_openwrt_src/staging_dir/rsdk-4.6.4-4181-EB-3.10-0.9.33-m32u-20141001//include  -L/home/slobodan/OLDopenwrt-rtk/rtk_openwrt_src/staging_dir/target-mips-rlx4181-linux/usr/lib -L/home/slobodan/OLDopenwrt-rtk/rtk_openwrt_src/staging_dir/target-mips-rlx4181-linux/lib -L/home/slobodan/OLDopenwrt-rtk/rtk_openwrt_src/staging_dir/rsdk-4.6.4-4181-EB-3.10-0.9.33-m32u-20141001//lib  conftest.c -lgmp   >&5
configure:7020: $? = 0
configure:7029: result: yes
configure:7112: checking for GMP limb size
configure:7114: rsdk-linux-gcc -c -Os -pipe -fno-caller-saves -fpic  -I/home/slobodan/OLDopenwrt-rtk/rtk_openwrt_src/staging_dir/target-mips-rlx4181-linux/usr/include -I/home/slobodan/OLDopenwrt-rtk/rtk_openwrt_src/staging_dir/target-mips-rlx4181-linux/include -I/home/slobodan/OLDopenwrt-rtk/rtk_openwrt_src/staging_dir/rsdk-4.6.4-4181-EB-3.10-0.9.33-m32u-20141001//include  conftest.c >&5
configure:7114: $? = 0
configure:7114: rsdk-linux-gcc -c -Os -pipe -fno-caller-saves -fpic  -I/home/slobodan/OLDopenwrt-rtk/rtk_openwrt_src/staging_dir/target-mips-rlx4181-linux/usr/include -I/home/slobodan/OLDopenwrt-rtk/rtk_openwrt_src/staging_dir/target-mips-rlx4181-linux/include -I/home/slobodan/OLDopenwrt-rtk/rtk_openwrt_src/staging_dir/rsdk-4.6.4-4181-EB-3.10-0.9.33-m32u-20141001//include  conftest.c >&5
conftest.c: In function 'main':
conftest.c:38:12: error: size of array 'test_array' is negative
configure:7114: $? = 1
configure: failed program was:
| /* confdefs.h */
| #define PACKAGE_NAME "nettle"
| #define PACKAGE_TARNAME "nettle"
| #define PACKAGE_VERSION "2.7.1"
| #define PACKAGE_STRING "nettle 2.7.1"
| #define PACKAGE_BUGREPORT "nettle-bugs@lists.lysator.liu.se"
| #define PACKAGE_URL ""
| #define STDC_HEADERS 1
| #define HAVE_SYS_TYPES_H 1
| #define HAVE_SYS_STAT_H 1
| #define HAVE_STDLIB_H 1
| #define HAVE_STRING_H 1
| #define HAVE_MEMORY_H 1
| #define HAVE_STRINGS_H 1
| #define HAVE_INTTYPES_H 1
| #define HAVE_STDINT_H 1
| #define HAVE_UNISTD_H 1
| #define TIME_WITH_SYS_TIME 1
| #define SIZEOF_LONG 4
| #define ALIGNOF_UINT64_T 8
| #define HAVE_OPENSSL_BLOWFISH_H 1
| #define HAVE_OPENSSL_DES_H 1
| #define HAVE_OPENSSL_CAST_H 1
| #define HAVE_OPENSSL_AES_H 1
| #define HAVE_ALLOCA_H 1
| #define HAVE_ALLOCA 1
| #define HAVE_MALLOC_H 1
| #define HAVE_STRERROR 1
| #define WORDS_BIGENDIAN 1
| #define HAVE_GCC_ATTRIBUTE 1
| #define HAVE_FCNTL_LOCKING 1
| #define HAVE_LIBGMP 1
| /* end confdefs.h.  */
| #include <gmp.h>
| int
| main ()
| {
| static int test_array [1 - 2 * !((GMP_NUMB_BITS) <= 0)];
| test_array [0] = 0
| 
|   ;
|   return 0;
| }
configure:7114: rsdk-linux-gcc -c -Os -pipe -fno-caller-saves -fpic  -I/home/slobodan/OLDopenwrt-rtk/rtk_openwrt_src/staging_dir/target-mips-rlx4181-linux/usr/include -I/home/slobodan/OLDopenwrt-rtk/rtk_openwrt_src/staging_dir/target-mips-rlx4181-linux/include -I/home/slobodan/OLDopenwrt-rtk/rtk_openwrt_src/staging_dir/rsdk-4.6.4-4181-EB-3.10-0.9.33-m32u-20141001//include  conftest.c >&5
conftest.c: In function 'main':
conftest.c:38:12: error: size of array 'test_array' is negative
configure:7114: $? = 1
configure: failed program was:
| /* confdefs.h */
| #define PACKAGE_NAME "nettle"
| #define PACKAGE_TARNAME "nettle"
| #define PACKAGE_VERSION "2.7.1"
| #define PACKAGE_STRING "nettle 2.7.1"
| #define PACKAGE_BUGREPORT "nettle-bugs@lists.lysator.liu.se"
| #define PACKAGE_URL ""
| #define STDC_HEADERS 1
| #define HAVE_SYS_TYPES_H 1
| #define HAVE_SYS_STAT_H 1
| #define HAVE_STDLIB_H 1
| #define HAVE_STRING_H 1
| #define HAVE_MEMORY_H 1
| #define HAVE_STRINGS_H 1
| #define HAVE_INTTYPES_H 1
| #define HAVE_STDINT_H 1
| #define HAVE_UNISTD_H 1
| #define TIME_WITH_SYS_TIME 1
| #define SIZEOF_LONG 4
| #define ALIGNOF_UINT64_T 8
| #define HAVE_OPENSSL_BLOWFISH_H 1
| #define HAVE_OPENSSL_DES_H 1
| #define HAVE_OPENSSL_CAST_H 1
| #define HAVE_OPENSSL_AES_H 1
| #define HAVE_ALLOCA_H 1
| #define HAVE_ALLOCA 1
| #define HAVE_MALLOC_H 1
| #define HAVE_STRERROR 1
| #define WORDS_BIGENDIAN 1
| #define HAVE_GCC_ATTRIBUTE 1
| #define HAVE_FCNTL_LOCKING 1
| #define HAVE_LIBGMP 1
| /* end confdefs.h.  */
| #include <gmp.h>
| int
| main ()
| {
| static int test_array [1 - 2 * !((GMP_NUMB_BITS) <= 1)];
| test_array [0] = 0
| 
|   ;
|   return 0;
| }
configure:7114: rsdk-linux-gcc -c -Os -pipe -fno-caller-saves -fpic  -I/home/slobodan/OLDopenwrt-rtk/rtk_openwrt_src/staging_dir/target-mips-rlx4181-linux/usr/include -I/home/slobodan/OLDopenwrt-rtk/rtk_openwrt_src/staging_dir/target-mips-rlx4181-linux/include -I/home/slobodan/OLDopenwrt-rtk/rtk_openwrt_src/staging_dir/rsdk-4.6.4-4181-EB-3.10-0.9.33-m32u-20141001//include  conftest.c >&5
conftest.c: In function 'main':
conftest.c:38:12: error: size of array 'test_array' is negative
configure:7114: $? = 1
configure: failed program was:
| /* confdefs.h */
| #define PACKAGE_NAME "nettle"
| #define PACKAGE_TARNAME "nettle"
| #define PACKAGE_VERSION "2.7.1"
| #define PACKAGE_STRING "nettle 2.7.1"
| #define PACKAGE_BUGREPORT "nettle-bugs@lists.lysator.liu.se"
| #define PACKAGE_URL ""
| #define STDC_HEADERS 1
| #define HAVE_SYS_TYPES_H 1
| #define HAVE_SYS_STAT_H 1
| #define HAVE_STDLIB_H 1
| #define HAVE_STRING_H 1
| #define HAVE_MEMORY_H 1
| #define HAVE_STRINGS_H 1
| #define HAVE_INTTYPES_H 1
| #define HAVE_STDINT_H 1
| #define HAVE_UNISTD_H 1
| #define TIME_WITH_SYS_TIME 1
| #define SIZEOF_LONG 4
| #define ALIGNOF_UINT64_T 8
| #define HAVE_OPENSSL_BLOWFISH_H 1
| #define HAVE_OPENSSL_DES_H 1
| #define HAVE_OPENSSL_CAST_H 1
| #define HAVE_OPENSSL_AES_H 1
| #define HAVE_ALLOCA_H 1
| #define HAVE_ALLOCA 1
| #define HAVE_MALLOC_H 1
| #define HAVE_STRERROR 1
| #define WORDS_BIGENDIAN 1
| #define HAVE_GCC_ATTRIBUTE 1
| #define HAVE_FCNTL_LOCKING 1
| #define HAVE_LIBGMP 1
| /* end confdefs.h.  */
| #include <gmp.h>
| int
| main ()
| {
| static int test_array [1 - 2 * !((GMP_NUMB_BITS) <= 3)];
| test_array [0] = 0
| 
|   ;
|   return 0;
| }
configure:7114: rsdk-linux-gcc -c -Os -pipe -fno-caller-saves -fpic  -I/home/slobodan/OLDopenwrt-rtk/rtk_openwrt_src/staging_dir/target-mips-rlx4181-linux/usr/include -I/home/slobodan/OLDopenwrt-rtk/rtk_openwrt_src/staging_dir/target-mips-rlx4181-linux/include -I/home/slobodan/OLDopenwrt-rtk/rtk_openwrt_src/staging_dir/rsdk-4.6.4-4181-EB-3.10-0.9.33-m32u-20141001//include  conftest.c >&5
conftest.c: In function 'main':
conftest.c:38:12: error: size of array 'test_array' is negative
configure:7114: $? = 1
configure: failed program was:
| /* confdefs.h */
| #define PACKAGE_NAME "nettle"
| #define PACKAGE_TARNAME "nettle"
| #define PACKAGE_VERSION "2.7.1"
| #define PACKAGE_STRING "nettle 2.7.1"
| #define PACKAGE_BUGREPORT "nettle-bugs@lists.lysator.liu.se"
| #define PACKAGE_URL ""
| #define STDC_HEADERS 1
| #define HAVE_SYS_TYPES_H 1
| #define HAVE_SYS_STAT_H 1
| #define HAVE_STDLIB_H 1
| #define HAVE_STRING_H 1
| #define HAVE_MEMORY_H 1
| #define HAVE_STRINGS_H 1
| #define HAVE_INTTYPES_H 1
| #define HAVE_STDINT_H 1
| #define HAVE_UNISTD_H 1
| #define TIME_WITH_SYS_TIME 1
| #define SIZEOF_LONG 4
| #define ALIGNOF_UINT64_T 8
| #define HAVE_OPENSSL_BLOWFISH_H 1
| #define HAVE_OPENSSL_DES_H 1
| #define HAVE_OPENSSL_CAST_H 1
| #define HAVE_OPENSSL_AES_H 1
| #define HAVE_ALLOCA_H 1
| #define HAVE_ALLOCA 1
| #define HAVE_MALLOC_H 1
| #define HAVE_STRERROR 1
| #define WORDS_BIGENDIAN 1
| #define HAVE_GCC_ATTRIBUTE 1
| #define HAVE_FCNTL_LOCKING 1
| #define HAVE_LIBGMP 1
| /* end confdefs.h.  */
| #include <gmp.h>
| int
| main ()
| {
| static int test_array [1 - 2 * !((GMP_NUMB_BITS) <= 7)];
| test_array [0] = 0
| 
|   ;
|   return 0;
| }
configure:7114: rsdk-linux-gcc -c -Os -pipe -fno-caller-saves -fpic  -I/home/slobodan/OLDopenwrt-rtk/rtk_openwrt_src/staging_dir/target-mips-rlx4181-linux/usr/include -I/home/slobodan/OLDopenwrt-rtk/rtk_openwrt_src/staging_dir/target-mips-rlx4181-linux/include -I/home/slobodan/OLDopenwrt-rtk/rtk_openwrt_src/staging_dir/rsdk-4.6.4-4181-EB-3.10-0.9.33-m32u-20141001//include  conftest.c >&5
conftest.c: In function 'main':
conftest.c:38:12: error: size of array 'test_array' is negative
configure:7114: $? = 1
configure: failed program was:
| /* confdefs.h */
| #define PACKAGE_NAME "nettle"
| #define PACKAGE_TARNAME "nettle"
| #define PACKAGE_VERSION "2.7.1"
| #define PACKAGE_STRING "nettle 2.7.1"
| #define PACKAGE_BUGREPORT "nettle-bugs@lists.lysator.liu.se"
| #define PACKAGE_URL ""
| #define STDC_HEADERS 1
| #define HAVE_SYS_TYPES_H 1
| #define HAVE_SYS_STAT_H 1
| #define HAVE_STDLIB_H 1
| #define HAVE_STRING_H 1
| #define HAVE_MEMORY_H 1
| #define HAVE_STRINGS_H 1
| #define HAVE_INTTYPES_H 1
| #define HAVE_STDINT_H 1
| #define HAVE_UNISTD_H 1
| #define TIME_WITH_SYS_TIME 1
| #define SIZEOF_LONG 4
| #define ALIGNOF_UINT64_T 8
| #define HAVE_OPENSSL_BLOWFISH_H 1
| #define HAVE_OPENSSL_DES_H 1
| #define HAVE_OPENSSL_CAST_H 1
| #define HAVE_OPENSSL_AES_H 1
| #define HAVE_ALLOCA_H 1
| #define HAVE_ALLOCA 1
| #define HAVE_MALLOC_H 1
| #define HAVE_STRERROR 1
| #define WORDS_BIGENDIAN 1
| #define HAVE_GCC_ATTRIBUTE 1
| #define HAVE_FCNTL_LOCKING 1
| #define HAVE_LIBGMP 1
| /* end confdefs.h.  */
| #include <gmp.h>
| int
| main ()
| {
| static int test_array [1 - 2 * !((GMP_NUMB_BITS) <= 15)];
| test_array [0] = 0
| 
|   ;
|   return 0;
| }
configure:7114: rsdk-linux-gcc -c -Os -pipe -fno-caller-saves -fpic  -I/home/slobodan/OLDopenwrt-rtk/rtk_openwrt_src/staging_dir/target-mips-rlx4181-linux/usr/include -I/home/slobodan/OLDopenwrt-rtk/rtk_openwrt_src/staging_dir/target-mips-rlx4181-linux/include -I/home/slobodan/OLDopenwrt-rtk/rtk_openwrt_src/staging_dir/rsdk-4.6.4-4181-EB-3.10-0.9.33-m32u-20141001//include  conftest.c >&5
conftest.c: In function 'main':
conftest.c:38:12: error: size of array 'test_array' is negative
configure:7114: $? = 1
configure: failed program was:
| /* confdefs.h */
| #define PACKAGE_NAME "nettle"
| #define PACKAGE_TARNAME "nettle"
| #define PACKAGE_VERSION "2.7.1"
| #define PACKAGE_STRING "nettle 2.7.1"
| #define PACKAGE_BUGREPORT "nettle-bugs@lists.lysator.liu.se"
| #define PACKAGE_URL ""
| #define STDC_HEADERS 1
| #define HAVE_SYS_TYPES_H 1
| #define HAVE_SYS_STAT_H 1
| #define HAVE_STDLIB_H 1
| #define HAVE_STRING_H 1
| #define HAVE_MEMORY_H 1
| #define HAVE_STRINGS_H 1
| #define HAVE_INTTYPES_H 1
| #define HAVE_STDINT_H 1
| #define HAVE_UNISTD_H 1
| #define TIME_WITH_SYS_TIME 1
| #define SIZEOF_LONG 4
| #define ALIGNOF_UINT64_T 8
| #define HAVE_OPENSSL_BLOWFISH_H 1
| #define HAVE_OPENSSL_DES_H 1
| #define HAVE_OPENSSL_CAST_H 1
| #define HAVE_OPENSSL_AES_H 1
| #define HAVE_ALLOCA_H 1
| #define HAVE_ALLOCA 1
| #define HAVE_MALLOC_H 1
| #define HAVE_STRERROR 1
| #define WORDS_BIGENDIAN 1
| #define HAVE_GCC_ATTRIBUTE 1
| #define HAVE_FCNTL_LOCKING 1
| #define HAVE_LIBGMP 1
| /* end confdefs.h.  */
| #include <gmp.h>
| int
| main ()
| {
| static int test_array [1 - 2 * !((GMP_NUMB_BITS) <= 31)];
| test_array [0] = 0
| 
|   ;
|   return 0;
| }
configure:7114: rsdk-linux-gcc -c -Os -pipe -fno-caller-saves -fpic  -I/home/slobodan/OLDopenwrt-rtk/rtk_openwrt_src/staging_dir/target-mips-rlx4181-linux/usr/include -I/home/slobodan/OLDopenwrt-rtk/rtk_openwrt_src/staging_dir/target-mips-rlx4181-linux/include -I/home/slobodan/OLDopenwrt-rtk/rtk_openwrt_src/staging_dir/rsdk-4.6.4-4181-EB-3.10-0.9.33-m32u-20141001//include  conftest.c >&5
configure:7114: $? = 0
configure:7114: rsdk-linux-gcc -c -Os -pipe -fno-caller-saves -fpic  -I/home/slobodan/OLDopenwrt-rtk/rtk_openwrt_src/staging_dir/target-mips-rlx4181-linux/usr/include -I/home/slobodan/OLDopenwrt-rtk/rtk_openwrt_src/staging_dir/target-mips-rlx4181-linux/include -I/home/slobodan/OLDopenwrt-rtk/rtk_openwrt_src/staging_dir/rsdk-4.6.4-4181-EB-3.10-0.9.33-m32u-20141001//include  conftest.c >&5
configure:7114: $? = 0
configure:7114: rsdk-linux-gcc -c -Os -pipe -fno-caller-saves -fpic  -I/home/slobodan/OLDopenwrt-rtk/rtk_openwrt_src/staging_dir/target-mips-rlx4181-linux/usr/include -I/home/slobodan/OLDopenwrt-rtk/rtk_openwrt_src/staging_dir/target-mips-rlx4181-linux/include -I/home/slobodan/OLDopenwrt-rtk/rtk_openwrt_src/staging_dir/rsdk-4.6.4-4181-EB-3.10-0.9.33-m32u-20141001//include  conftest.c >&5
configure:7114: $? = 0
configure:7114: rsdk-linux-gcc -c -Os -pipe -fno-caller-saves -fpic  -I/home/slobodan/OLDopenwrt-rtk/rtk_openwrt_src/staging_dir/target-mips-rlx4181-linux/usr/include -I/home/slobodan/OLDopenwrt-rtk/rtk_openwrt_src/staging_dir/target-mips-rlx4181-linux/include -I/home/slobodan/OLDopenwrt-rtk/rtk_openwrt_src/staging_dir/rsdk-4.6.4-4181-EB-3.10-0.9.33-m32u-20141001//include  conftest.c >&5
configure:7114: $? = 0
configure:7114: rsdk-linux-gcc -c -Os -pipe -fno-caller-saves -fpic  -I/home/slobodan/OLDopenwrt-rtk/rtk_openwrt_src/staging_dir/target-mips-rlx4181-linux/usr/include -I/home/slobodan/OLDopenwrt-rtk/rtk_openwrt_src/staging_dir/target-mips-rlx4181-linux/include -I/home/slobodan/OLDopenwrt-rtk/rtk_openwrt_src/staging_dir/rsdk-4.6.4-4181-EB-3.10-0.9.33-m32u-20141001//include  conftest.c >&5
configure:7114: $? = 0
configure:7114: rsdk-linux-gcc -c -Os -pipe -fno-caller-saves -fpic  -I/home/slobodan/OLDopenwrt-rtk/rtk_openwrt_src/staging_dir/target-mips-rlx4181-linux/usr/include -I/home/slobodan/OLDopenwrt-rtk/rtk_openwrt_src/staging_dir/target-mips-rlx4181-linux/include -I/home/slobodan/OLDopenwrt-rtk/rtk_openwrt_src/staging_dir/rsdk-4.6.4-4181-EB-3.10-0.9.33-m32u-20141001//include  conftest.c >&5
configure:7114: $? = 0
configure:7124: result: 32 bits
configure:7131: checking for __gmpz_powm_sec
configure:7131: rsdk-linux-gcc -o conftest -Os -pipe -fno-caller-saves -fpic  -I/home/slobodan/OLDopenwrt-rtk/rtk_openwrt_src/staging_dir/target-mips-rlx4181-linux/usr/include -I/home/slobodan/OLDopenwrt-rtk/rtk_openwrt_src/staging_dir/target-mips-rlx4181-linux/include -I/home/slobodan/OLDopenwrt-rtk/rtk_openwrt_src/staging_dir/rsdk-4.6.4-4181-EB-3.10-0.9.33-m32u-20141001//include  -L/home/slobodan/OLDopenwrt-rtk/rtk_openwrt_src/staging_dir/target-mips-rlx4181-linux/usr/lib -L/home/slobodan/OLDopenwrt-rtk/rtk_openwrt_src/staging_dir/target-mips-rlx4181-linux/lib -L/home/slobodan/OLDopenwrt-rtk/rtk_openwrt_src/staging_dir/rsdk-4.6.4-4181-EB-3.10-0.9.33-m32u-20141001//lib  conftest.c -lgmp  >&5
configure:7131: $? = 0
configure:7131: result: yes
configure:7304: checking for library containing clock_gettime
configure:7335: rsdk-linux-gcc -o conftest -Os -pipe -fno-caller-saves -fpic  -I/home/slobodan/OLDopenwrt-rtk/rtk_openwrt_src/staging_dir/target-mips-rlx4181-linux/usr/include -I/home/slobodan/OLDopenwrt-rtk/rtk_openwrt_src/staging_dir/target-mips-rlx4181-linux/include -I/home/slobodan/OLDopenwrt-rtk/rtk_openwrt_src/staging_dir/rsdk-4.6.4-4181-EB-3.10-0.9.33-m32u-20141001//include  -L/home/slobodan/OLDopenwrt-rtk/rtk_openwrt_src/staging_dir/target-mips-rlx4181-linux/usr/lib -L/home/slobodan/OLDopenwrt-rtk/rtk_openwrt_src/staging_dir/target-mips-rlx4181-linux/lib -L/home/slobodan/OLDopenwrt-rtk/rtk_openwrt_src/staging_dir/rsdk-4.6.4-4181-EB-3.10-0.9.33-m32u-20141001//lib  conftest.c -lgmp  >&5
configure:7335: $? = 0
configure:7352: result: none required
configure:7513: creating ./config.status

## ---------------------- ##
## Running config.status. ##
## ---------------------- ##

This file was extended by nettle config.status 2.7.1, which was
generated by GNU Autoconf 2.68.  Invocation command line was

  CONFIG_FILES    = 
  CONFIG_HEADERS  = 
  CONFIG_LINKS    = 
  CONFIG_COMMANDS = 
  $ ./config.status 

on debian

config.status:952: creating config.make
config.status:952: creating config.m4
config.status:952: creating Makefile
config.status:952: creating tools/Makefile
config.status:952: creating testsuite/Makefile
config.status:952: creating examples/Makefile
config.status:952: creating nettle.pc
config.status:952: creating hogweed.pc
config.status:952: creating config.h
config.status:952: creating nettle-config.h
config.status:1178: executing dummy-dep-files commands
config.status:1178: executing asm.d commands
config.status:1178: executing nettle-stdint.h commands
config.status:1198: creating nettle-stdint.h : __NETTLE_STDINT_H
configure:9171: WARNING: unrecognized options: --disable-nls, --disable-ipv6
configure:9189: summary of build options:

  Version:           nettle 2.7.1
  Host type:         mips-rlx4181-linux-gnu
  ABI:               standard
  Assembly files:    none
  Install prefix:    /usr
  Library directory: ${exec_prefix}/lib
  Compiler:          rsdk-linux-gcc
  Static libraries:  yes
  Shared libraries:  yes
  Public key crypto: yes
  Documentation:     no


## ---------------- ##
## Cache variables. ##
## ---------------- ##

ac_cv_alignof_uint64_t=8
ac_cv_build=x86_64-pc-linux-gnu
ac_cv_c_bigendian=yes
ac_cv_c_compiler_gnu=yes
ac_cv_c_const=yes
ac_cv_c_gettext_without_libintl=yes
ac_cv_c_inline=inline
ac_cv_c_littleendian=no
ac_cv_c_long_double=no
ac_cv_conv_longlong_to_float=yes
ac_cv_cxx_compiler_gnu=yes
ac_cv_env_CCC_set=
ac_cv_env_CCC_value=
ac_cv_env_CC_FOR_BUILD_set=
ac_cv_env_CC_FOR_BUILD_value=
ac_cv_env_CC_set=set
ac_cv_env_CC_value=rsdk-linux-gcc
ac_cv_env_CFLAGS_set=set
ac_cv_env_CFLAGS_value='-Os -pipe -fno-caller-saves -fpic '
ac_cv_env_CPPFLAGS_set=set
ac_cv_env_CPPFLAGS_value='-I/home/slobodan/OLDopenwrt-rtk/rtk_openwrt_src/staging_dir/target-mips-rlx4181-linux/usr/include -I/home/slobodan/OLDopenwrt-rtk/rtk_openwrt_src/staging_dir/target-mips-rlx4181-linux/include -I/home/slobodan/OLDopenwrt-rtk/rtk_openwrt_src/staging_dir/rsdk-4.6.4-4181-EB-3.10-0.9.33-m32u-20141001//include '
ac_cv_env_CPP_set=
ac_cv_env_CPP_value=
ac_cv_env_CXXFLAGS_set=set
ac_cv_env_CXXFLAGS_value='-Os -pipe -fno-caller-saves -fpic '
ac_cv_env_CXX_set=set
ac_cv_env_CXX_value=rsdk-linux-g++
ac_cv_env_LDFLAGS_set=set
ac_cv_env_LDFLAGS_value='-L/home/slobodan/OLDopenwrt-rtk/rtk_openwrt_src/staging_dir/target-mips-rlx4181-linux/usr/lib -L/home/slobodan/OLDopenwrt-rtk/rtk_openwrt_src/staging_dir/target-mips-rlx4181-linux/lib -L/home/slobodan/OLDopenwrt-rtk/rtk_openwrt_src/staging_dir/rsdk-4.6.4-4181-EB-3.10-0.9.33-m32u-20141001//lib '
ac_cv_env_LIBS_set=
ac_cv_env_LIBS_value=
ac_cv_env_build_alias_set=set
ac_cv_env_build_alias_value=x86_64-linux-gnu
ac_cv_env_host_alias_set=set
ac_cv_env_host_alias_value=mips-rlx4181-linux
ac_cv_env_target_alias_set=set
ac_cv_env_target_alias_value=mips-rlx4181-linux
ac_cv_file__dev_zero=yes
ac_cv_func___adjtimex=yes
ac_cv_func___gmpz_powm_sec=yes
ac_cv_func___va_copy=no
ac_cv_func__exit=yes
ac_cv_func_alloca_works=yes
ac_cv_func_bcmp=yes
ac_cv_func_bcopy=yes
ac_cv_func_bzero=yes
ac_cv_func_cimag=yes
ac_cv_func_creal=yes
ac_cv_func_fchmod=yes
ac_cv_func_getaddrinfo=yes
ac_cv_func_getcwd=yes
ac_cv_func_getdomainname=yes
ac_cv_func_getpgrp_void=yes
ac_cv_func_getpwuid_r=yes
ac_cv_func_gettimeofday=yes
ac_cv_func_index=yes
ac_cv_func_lstat=yes
ac_cv_func_lstat_dereferences_slashed_symlink=yes
ac_cv_func_lstat_empty_string_bug=no
ac_cv_func_malloc_0_nonnull=yes
ac_cv_func_malloc_works=yes
ac_cv_func_memcmp_clean=yes
ac_cv_func_memcmp_working=yes
ac_cv_func_memxor=no
ac_cv_func_posix_getgrgid_r=yes
ac_cv_func_posix_getpwuid_r=yes
ac_cv_func_psignal=yes
ac_cv_func_pthread_key_delete=yes
ac_cv_func_realloc_0_nonnull=yes
ac_cv_func_realloc_works=yes
ac_cv_func_rename=yes
ac_cv_func_rindex=yes
ac_cv_func_setgrent_void=yes
ac_cv_func_setlocale=yes
ac_cv_func_setpgrp_void=yes
ac_cv_func_setresuid=no
ac_cv_func_setvbuf_reversed=no
ac_cv_func_stat_empty_string_bug=no
ac_cv_func_stat_ignores_trailing_slash=no
ac_cv_func_strerror=yes
ac_cv_func_strftime=yes
ac_cv_func_utimes=yes
ac_cv_func_va_copy=no
ac_cv_func_vsnprintf=yes
ac_cv_have_accrights_in_msghdr=no
ac_cv_have_broken_snprintf=no
ac_cv_have_control_in_msghdr=yes
ac_cv_have_decl_sys_siglist=no
ac_cv_have_openpty_ctty_bug=yes
ac_cv_have_space_d_name_in_struct_dirent=yes
ac_cv_header_inttypes_h=yes
ac_cv_header_malloc_h=yes
ac_cv_header_memory_h=yes
ac_cv_header_netinet_sctp_h=no
ac_cv_header_netinet_sctp_uio_h=no
ac_cv_header_openssl_aes_h=yes
ac_cv_header_openssl_blowfish_h=yes
ac_cv_header_openssl_cast_h=yes
ac_cv_header_openssl_des_h=yes
ac_cv_header_stdc=yes
ac_cv_header_stdint=stdint.h
ac_cv_header_stdint_h=yes
ac_cv_header_stdint_t=stdint.h
ac_cv_header_stdlib_h=yes
ac_cv_header_string_h=yes
ac_cv_header_strings_h=yes
ac_cv_header_sys_stat_h=yes
ac_cv_header_sys_types_h=yes
ac_cv_header_time=yes
ac_cv_header_unistd_h=yes
ac_cv_host=mips-rlx4181-linux-gnu
ac_cv_int64_t=yes
ac_cv_lbl_unaligned_fail=no
ac_cv_lib_gmp___gmpz_getlimbn=yes
ac_cv_linux_kernel_pppoe=yes
ac_cv_linux_vers=2
ac_cv_objext=o
ac_cv_pack_bitfields_reversed=yes
ac_cv_path_EGREP='/home/slobodan/OLDopenwrt-rtk/rtk_openwrt_src/staging_dir/host/bin/grep -E'
ac_cv_path_GREP=/home/slobodan/OLDopenwrt-rtk/rtk_openwrt_src/staging_dir/host/bin/grep
ac_cv_path_LDCONFIG=
ac_cv_path_M4=/home/slobodan/OLDopenwrt-rtk/rtk_openwrt_src/staging_dir/host/bin/m4
ac_cv_path_install='/usr/bin/install -c'
ac_cv_path_mkdir=/bin/mkdir
ac_cv_prog_AR=rsdk-linux-ar
ac_cv_prog_CC=rsdk-linux-gcc
ac_cv_prog_CPP='rsdk-linux-gcc -E'
ac_cv_prog_NM=rsdk-linux-nm
ac_cv_prog_OBJDUMP=rsdk-linux-objdump
ac_cv_prog_RANLIB=rsdk-linux-ranlib
ac_cv_prog_cc_c89=
ac_cv_prog_cc_g=yes
ac_cv_prog_cxx_g=yes
ac_cv_prog_make_make_set=yes
ac_cv_regexec_segfault_emptystr=no
ac_cv_sctp=no
ac_cv_search_clock_gettime='none required'
ac_cv_sizeof___int64=0
ac_cv_sizeof_char=1
ac_cv_sizeof_int16_t=2
ac_cv_sizeof_int32_t=4
ac_cv_sizeof_int64_t=8
ac_cv_sizeof_int=4
ac_cv_sizeof_long=4
ac_cv_sizeof_long_int=4
ac_cv_sizeof_long_long=8
ac_cv_sizeof_off_t=8
ac_cv_sizeof_short=2
ac_cv_sizeof_short_int=2
ac_cv_sizeof_size_t=4
ac_cv_sizeof_ssize_t=4
ac_cv_sizeof_u_int16_t=2
ac_cv_sizeof_u_int32_t=4
ac_cv_sizeof_u_int64_t=8
ac_cv_sizeof_uint16_t=2
ac_cv_sizeof_uint32_t=4
ac_cv_sizeof_uint64_t=8
ac_cv_sizeof_unsigned_int=4
ac_cv_sizeof_unsigned_long=4
ac_cv_sizeof_unsigned_long_long=8
ac_cv_sizeof_unsigned_short=2
ac_cv_sizeof_void_p=4
ac_cv_stdint_message='using gnu compiler mips-linux-xgcc (Realtek RSDK-4.6.4 Build 424) 4.6.4'
ac_cv_stdint_result='(assuming C99 compatible system)'
ac_cv_sys_restartable_syscalls=yes
ac_cv_time_r_type=POSIX
ac_cv_type_size_t=yes
ac_cv_type_suseconds_t=yes
ac_cv_type_uid_t=yes
ac_cv_uchar=no
ac_cv_uint64_t=yes
ac_cv_uint=yes
ac_cv_ulong=yes
ac_cv_ushort=yes
ac_cv_va_copy=C99
ac_cv_va_val_copy=yes
ac_cv_working_alloca_h=yes
as_cv_unaligned_access=yes
gmp_cv_prog_exeext_for_build=
lsh_cv_c_attribute=yes
lsh_cv_sys_ccpic=-fpic
nettle_cv_fcntl_locking=yes
nettle_cv_gmp_numb_bits=32

## ----------------- ##
## Output variables. ##
## ----------------- ##

ALIGNOF_UINT64_T='8'
ALLOCA=''
AR='rsdk-linux-ar'
ASM_ALIGN_LOG=''
ASM_ELF_STYLE='no'
ASM_MARK_NOEXEC_STACK=''
ASM_SYMBOL_PREFIX=''
ASM_TYPE_FUNCTION='@function'
ASM_TYPE_PROGBITS='@progbits'
BENCH_LIBS='-lgmp '
CC='rsdk-linux-gcc'
CCPIC='-fpic'
CCPIC_MAYBE='-fpic'
CC_FOR_BUILD='cc'
CFLAGS='-Os -pipe -fno-caller-saves -fpic  -ggdb3 -Wno-pointer-sign -Wall -W   -Wmissing-prototypes -Wmissing-declarations -Wstrict-prototypes   -Wpointer-arith -Wbad-function-cast -Wnested-externs'
CPP='rsdk-linux-gcc -E'
CPPFLAGS='-I/home/slobodan/OLDopenwrt-rtk/rtk_openwrt_src/staging_dir/target-mips-rlx4181-linux/usr/include -I/home/slobodan/OLDopenwrt-rtk/rtk_openwrt_src/staging_dir/target-mips-rlx4181-linux/include -I/home/slobodan/OLDopenwrt-rtk/rtk_openwrt_src/staging_dir/rsdk-4.6.4-4181-EB-3.10-0.9.33-m32u-20141001//include '
CXX='rsdk-linux-g++'
CXXFLAGS='-Os -pipe -fno-caller-saves -fpic '
DEFS='-DHAVE_CONFIG_H'
DEP_FLAGS='-MT $@ -MD -MP -MF $@.d'
DEP_INCLUDE='include '
DEP_PROCESS='true'
ECHO_C=''
ECHO_N='-n'
ECHO_T=''
EGREP='/home/slobodan/OLDopenwrt-rtk/rtk_openwrt_src/staging_dir/host/bin/grep -E'
EMULATOR=''
EXEEXT=''
EXEEXT_FOR_BUILD=''
GMP_LIBS='-lgmp'
GMP_NUMB_BITS='32'
GREP='/home/slobodan/OLDopenwrt-rtk/rtk_openwrt_src/staging_dir/host/bin/grep'
IF_CXX=''
IF_DLL='#'
IF_DOCUMENTATION='#'
IF_HOGWEED=''
IF_NOT_MINI_GMP=''
IF_SHARED=''
IF_STATIC=''
INSTALL_DATA='${INSTALL} -m 644'
INSTALL_PROGRAM='${INSTALL}'
INSTALL_SCRIPT='${INSTALL}'
LDFLAGS='-L/home/slobodan/OLDopenwrt-rtk/rtk_openwrt_src/staging_dir/target-mips-rlx4181-linux/usr/lib -L/home/slobodan/OLDopenwrt-rtk/rtk_openwrt_src/staging_dir/target-mips-rlx4181-linux/lib -L/home/slobodan/OLDopenwrt-rtk/rtk_openwrt_src/staging_dir/rsdk-4.6.4-4181-EB-3.10-0.9.33-m32u-20141001//lib '
LIBHOGWEED_FILE='$(LIBHOGWEED_SONAME).$(LIBHOGWEED_MINOR)'
LIBHOGWEED_FILE_SRC='$(LIBHOGWEED_FORLINK)'
LIBHOGWEED_FORLINK='libhogweed.so'
LIBHOGWEED_LIBS='-lnettle $(GMP_LIBS)'
LIBHOGWEED_LINK='$(CC) $(CFLAGS) $(LDFLAGS) -L. -shared -Wl,-soname=$(LIBHOGWEED_SONAME)'
LIBHOGWEED_MAJOR='2'
LIBHOGWEED_MINOR='5'
LIBHOGWEED_SONAME='$(LIBHOGWEED_FORLINK).$(LIBHOGWEED_MAJOR)'
LIBNETTLE_FILE='$(LIBNETTLE_SONAME).$(LIBNETTLE_MINOR)'
LIBNETTLE_FILE_SRC='$(LIBNETTLE_FORLINK)'
LIBNETTLE_FORLINK='libnettle.so'
LIBNETTLE_LIBS=''
LIBNETTLE_LINK='$(CC) $(CFLAGS) $(LDFLAGS) -shared -Wl,-soname=$(LIBNETTLE_SONAME)'
LIBNETTLE_MAJOR='4'
LIBNETTLE_MINOR='7'
LIBNETTLE_SONAME='$(LIBNETTLE_FORLINK).$(LIBNETTLE_MAJOR)'
LIBOBJS=' ${LIBOBJDIR}memxor$U.o'
LIBS='-lgmp '
LN_S='ln -s'
LTLIBOBJS=' ${LIBOBJDIR}memxor$U.lo'
M4='/home/slobodan/OLDopenwrt-rtk/rtk_openwrt_src/staging_dir/host/bin/m4'
MAKEINFO=''
MKDIR_P='/bin/mkdir -p'
NM='rsdk-linux-nm'
OBJDUMP='rsdk-linux-objdump'
OBJEXT='o'
OPENSSL_LIBFLAGS=''
OPT_ASM_SOURCES=''
OPT_HOGWEED_HEADERS=''
OPT_HOGWEED_SOURCES=''
PACKAGE_BUGREPORT='nettle-bugs@lists.lysator.liu.se'
PACKAGE_NAME='nettle'
PACKAGE_STRING='nettle 2.7.1'
PACKAGE_TARNAME='nettle'
PACKAGE_URL=''
PACKAGE_VERSION='2.7.1'
PATH_SEPARATOR=':'
RANLIB='rsdk-linux-ranlib'
SET_MAKE=''
SHELL='/bin/bash'
SHLIBCFLAGS='-fpic'
TESTSUITE_LIBS='-lgmp'
W64_ABI='no'
ac_ct_CC=''
ac_ct_CXX=''
bindir='/usr/bin'
build='x86_64-pc-linux-gnu'
build_alias='x86_64-linux-gnu'
build_cpu='x86_64'
build_os='linux-gnu'
build_vendor='pc'
datadir='/usr/share'
datarootdir='${prefix}/share'
docdir='${datarootdir}/doc/${PACKAGE_TARNAME}'
dvidir='${docdir}'
exec_prefix='/usr'
host='mips-rlx4181-linux-gnu'
host_alias='mips-rlx4181-linux'
host_cpu='mips'
host_os='linux-gnu'
host_vendor='rlx4181'
htmldir='${docdir}'
includedir='${prefix}/include'
infodir='/usr/info'
libdir='${exec_prefix}/lib'
libexecdir='/usr/lib'
localedir='${datarootdir}/locale'
localstatedir='/var'
mandir='/usr/man'
oldincludedir='/usr/include'
pdfdir='${docdir}'
prefix='/usr'
program_transform_name='s,x,x,'
psdir='${docdir}'
sbindir='/usr/sbin'
sharedstatedir='${prefix}/com'
sysconfdir='/etc'
target_alias='mips-rlx4181-linux'

## ----------- ##
## confdefs.h. ##
## ----------- ##

/* confdefs.h */
#define PACKAGE_NAME "nettle"
#define PACKAGE_TARNAME "nettle"
#define PACKAGE_VERSION "2.7.1"
#define PACKAGE_STRING "nettle 2.7.1"
#define PACKAGE_BUGREPORT "nettle-bugs@lists.lysator.liu.se"
#define PACKAGE_URL ""
#define STDC_HEADERS 1
#define HAVE_SYS_TYPES_H 1
#define HAVE_SYS_STAT_H 1
#define HAVE_STDLIB_H 1
#define HAVE_STRING_H 1
#define HAVE_MEMORY_H 1
#define HAVE_STRINGS_H 1
#define HAVE_INTTYPES_H 1
#define HAVE_STDINT_H 1
#define HAVE_UNISTD_H 1
#define TIME_WITH_SYS_TIME 1
#define SIZEOF_LONG 4
#define ALIGNOF_UINT64_T 8
#define HAVE_OPENSSL_BLOWFISH_H 1
#define HAVE_OPENSSL_DES_H 1
#define HAVE_OPENSSL_CAST_H 1
#define HAVE_OPENSSL_AES_H 1
#define HAVE_ALLOCA_H 1
#define HAVE_ALLOCA 1
#define HAVE_MALLOC_H 1
#define HAVE_STRERROR 1
#define WORDS_BIGENDIAN 1
#define HAVE_GCC_ATTRIBUTE 1
#define HAVE_FCNTL_LOCKING 1
#define HAVE_LIBGMP 1
#define HAVE_MPZ_POWM_SEC 1
#define WITH_HOGWEED 1
#define HAVE_CLOCK_GETTIME 1

configure: exit 0

## ---------------------- ##
## Running config.status. ##
## ---------------------- ##

This file was extended by nettle config.status 2.7.1, which was
generated by GNU Autoconf 2.68.  Invocation command line was

  CONFIG_FILES    = 
  CONFIG_HEADERS  = 
  CONFIG_LINKS    = 
  CONFIG_COMMANDS = 
  $ ./config.status config.h

on debian

config.status:952: creating config.h
config.status:1133: config.h is unchanged
